This file contains any messages produced by compilers while
running configure, to aid debugging if configure makes a mistake.

It was created by sound_effects_player configure 0.27, which was
generated by GNU Autoconf 2.69.  Invocation command line was

  $ /home/jsauter/Projects/Theatre/show_control/sound_effects_player/configure --enable-maintainer-mode CFLAGS=-g -O0 CXXFLAGS=-g -O0 JFLAGS=-g -O0 FFLAGS=-g -O0 --no-create --no-recursion

## --------- ##
## Platform. ##
## --------- ##

hostname = sauterserver.sauterhome
uname -m = x86_64
uname -r = 3.18.7-200.fc21.x86_64
uname -s = Linux
uname -v = #1 SMP Wed Feb 11 21:53:17 UTC 2015

/usr/bin/uname -p = x86_64
/bin/uname -X     = unknown

/bin/arch              = x86_64
/usr/bin/arch -k       = unknown
/usr/convex/getsysinfo = unknown
/usr/bin/hostinfo      = unknown
/bin/machine           = unknown
/usr/bin/oslevel       = unknown
/bin/universe          = unknown

PATH: /usr/local/bin
PATH: /usr/local/sbin
PATH: /usr/bin
PATH: /usr/sbin
PATH: /bin
PATH: /sbin
PATH: /home/jsauter/.local/bin
PATH: /home/jsauter/bin


## ----------- ##
## Core tests. ##
## ----------- ##

configure:2328: checking for a BSD-compatible install
configure:2396: result: /usr/bin/install -c
configure:2407: checking whether build environment is sane
configure:2462: result: yes
configure:2613: checking for a thread-safe mkdir -p
configure:2652: result: /usr/bin/mkdir -p
configure:2659: checking for gawk
configure:2675: found /usr/bin/gawk
configure:2686: result: gawk
configure:2697: checking whether make sets $(MAKE)
configure:2719: result: yes
configure:2748: checking whether make supports nested variables
configure:2765: result: yes
configure:2901: checking whether make supports nested variables
configure:2918: result: yes
configure:2930: checking whether to enable maintainer-specific portions of Makefiles
configure:2939: result: yes
configure:3001: checking for gcc
configure:3017: found /usr/bin/gcc
configure:3028: result: gcc
configure:3257: checking for C compiler version
configure:3266: gcc --version >&5
gcc (GCC) 4.9.2 20150212 (Red Hat 4.9.2-6)
Copyright (C) 2014 Free Software Foundation, Inc.
This is free software; see the source for copying conditions.  There is NO
warranty; not even for MERCHANTABILITY or FITNESS FOR A PARTICULAR PURPOSE.

configure:3277: $? = 0
configure:3266: gcc -v >&5
Using built-in specs.
COLLECT_GCC=gcc
COLLECT_LTO_WRAPPER=/usr/libexec/gcc/x86_64-redhat-linux/4.9.2/lto-wrapper
Target: x86_64-redhat-linux
Configured with: ../configure --prefix=/usr --mandir=/usr/share/man --infodir=/usr/share/info --with-bugurl=http://bugzilla.redhat.com/bugzilla --enable-bootstrap --enable-shared --enable-threads=posix --enable-checking=release --enable-multilib --with-system-zlib --enable-__cxa_atexit --disable-libunwind-exceptions --enable-gnu-unique-object --enable-linker-build-id --with-linker-hash-style=gnu --enable-languages=c,c++,objc,obj-c++,fortran,ada,go,lto --enable-plugin --enable-initfini-array --disable-libgcj --with-isl=/builddir/build/BUILD/gcc-4.9.2-20150212/obj-x86_64-redhat-linux/isl-install --with-cloog=/builddir/build/BUILD/gcc-4.9.2-20150212/obj-x86_64-redhat-linux/cloog-install --enable-gnu-indirect-function --with-tune=generic --with-arch_32=i686 --build=x86_64-redhat-linux
Thread model: posix
gcc version 4.9.2 20150212 (Red Hat 4.9.2-6) (GCC) 
configure:3277: $? = 0
configure:3266: gcc -V >&5
gcc: error: unrecognized command line option '-V'
gcc: fatal error: no input files
compilation terminated.
configure:3277: $? = 4
configure:3266: gcc -qversion >&5
gcc: error: unrecognized command line option '-qversion'
gcc: fatal error: no input files
compilation terminated.
configure:3277: $? = 4
configure:3297: checking whether the C compiler works
configure:3319: gcc -g -O0   conftest.c  >&5
configure:3323: $? = 0
configure:3371: result: yes
configure:3374: checking for C compiler default output file name
configure:3376: result: a.out
configure:3382: checking for suffix of executables
configure:3389: gcc -o conftest -g -O0   conftest.c  >&5
configure:3393: $? = 0
configure:3415: result: 
configure:3437: checking whether we are cross compiling
configure:3445: gcc -o conftest -g -O0   conftest.c  >&5
configure:3449: $? = 0
configure:3456: ./conftest
configure:3460: $? = 0
configure:3475: result: no
configure:3480: checking for suffix of object files
configure:3502: gcc -c -g -O0  conftest.c >&5
configure:3506: $? = 0
configure:3527: result: o
configure:3531: checking whether we are using the GNU C compiler
configure:3550: gcc -c -g -O0  conftest.c >&5
configure:3550: $? = 0
configure:3559: result: yes
configure:3568: checking whether gcc accepts -g
configure:3588: gcc -c -g  conftest.c >&5
configure:3588: $? = 0
configure:3629: result: yes
configure:3646: checking for gcc option to accept ISO C89
configure:3709: gcc  -c -g -O0  conftest.c >&5
configure:3709: $? = 0
configure:3722: result: none needed
configure:3747: checking whether gcc understands -c and -o together
configure:3769: gcc -c conftest.c -o conftest2.o
configure:3772: $? = 0
configure:3769: gcc -c conftest.c -o conftest2.o
configure:3772: $? = 0
configure:3784: result: yes
configure:3812: checking for style of include used by make
configure:3840: result: GNU
configure:3866: checking dependency style of gcc
configure:3977: result: gcc3
configure:3993: checking for pow in -lm
configure:4018: gcc -o conftest -g -O0   conftest.c -lm   >&5
conftest.c:18:6: warning: conflicting types for built-in function 'pow'
 char pow ();
      ^
configure:4018: $? = 0
configure:4027: result: yes
configure:4038: checking for xmlDocGetRootElement in -lxml2
configure:4063: gcc -o conftest -g -O0   conftest.c -lxml2  -lm  >&5
configure:4063: $? = 0
configure:4072: result: yes
configure:4085: checking whether NLS is requested
configure:4094: result: yes
configure:4112: checking for intltool >= 0.35.0
configure:4114: result: 0.50.2 found
configure:4122: checking for intltool-update
configure:4140: found /usr/bin/intltool-update
configure:4152: result: /usr/bin/intltool-update
configure:4162: checking for intltool-merge
configure:4180: found /usr/bin/intltool-merge
configure:4192: result: /usr/bin/intltool-merge
configure:4202: checking for intltool-extract
configure:4220: found /usr/bin/intltool-extract
configure:4232: result: /usr/bin/intltool-extract
configure:4386: checking for xgettext
configure:4404: found /usr/bin/xgettext
configure:4416: result: /usr/bin/xgettext
configure:4426: checking for msgmerge
configure:4444: found /usr/bin/msgmerge
configure:4456: result: /usr/bin/msgmerge
configure:4466: checking for msgfmt
configure:4484: found /usr/bin/msgfmt
configure:4496: result: /usr/bin/msgfmt
configure:4506: checking for gmsgfmt
configure:4537: result: /usr/bin/msgfmt
configure:4557: checking for perl
configure:4575: found /usr/bin/perl
configure:4587: result: /usr/bin/perl
configure:4598: checking for perl >= 5.8.1
configure:4605: result: 5.18.4
configure:4609: checking for XML::Parser
configure:4612: result: ok
configure:4637: gcc -o conftest -g -O0   conftest.c -lxml2 -lm  >&5
configure:4637: $? = 0
configure:4677: checking how to run the C preprocessor
configure:4708: gcc -E  conftest.c
configure:4708: $? = 0
configure:4722: gcc -E  conftest.c
conftest.c:14:28: fatal error: ac_nonexistent.h: No such file or directory
 #include <ac_nonexistent.h>
                            ^
compilation terminated.
configure:4722: $? = 1
configure: failed program was:
| /* confdefs.h */
| #define PACKAGE_NAME "sound_effects_player"
| #define PACKAGE_TARNAME "sound_effects_player"
| #define PACKAGE_VERSION "0.27"
| #define PACKAGE_STRING "sound_effects_player 0.27"
| #define PACKAGE_BUGREPORT "John_Sauter@systemeyescomputerstore.com"
| #define PACKAGE_URL ""
| #define PACKAGE "sound_effects_player"
| #define VERSION "0.27"
| #define HAVE_LIBM 1
| #define HAVE_LIBXML2 1
| #define GETTEXT_PACKAGE "sound_effects_player"
| /* end confdefs.h.  */
| #include <ac_nonexistent.h>
configure:4747: result: gcc -E
configure:4767: gcc -E  conftest.c
configure:4767: $? = 0
configure:4781: gcc -E  conftest.c
conftest.c:14:28: fatal error: ac_nonexistent.h: No such file or directory
 #include <ac_nonexistent.h>
                            ^
compilation terminated.
configure:4781: $? = 1
configure: failed program was:
| /* confdefs.h */
| #define PACKAGE_NAME "sound_effects_player"
| #define PACKAGE_TARNAME "sound_effects_player"
| #define PACKAGE_VERSION "0.27"
| #define PACKAGE_STRING "sound_effects_player 0.27"
| #define PACKAGE_BUGREPORT "John_Sauter@systemeyescomputerstore.com"
| #define PACKAGE_URL ""
| #define PACKAGE "sound_effects_player"
| #define VERSION "0.27"
| #define HAVE_LIBM 1
| #define HAVE_LIBXML2 1
| #define GETTEXT_PACKAGE "sound_effects_player"
| /* end confdefs.h.  */
| #include <ac_nonexistent.h>
configure:4810: checking for grep that handles long lines and -e
configure:4868: result: /usr/bin/grep
configure:4873: checking for egrep
configure:4935: result: /usr/bin/grep -E
configure:4940: checking for ANSI C header files
configure:4960: gcc -c -g -O0  conftest.c >&5
configure:4960: $? = 0
configure:5033: gcc -o conftest -g -O0   conftest.c -lxml2 -lm  >&5
configure:5033: $? = 0
configure:5033: ./conftest
configure:5033: $? = 0
configure:5044: result: yes
configure:5057: checking for sys/types.h
configure:5057: gcc -c -g -O0  conftest.c >&5
configure:5057: $? = 0
configure:5057: result: yes
configure:5057: checking for sys/stat.h
configure:5057: gcc -c -g -O0  conftest.c >&5
configure:5057: $? = 0
configure:5057: result: yes
configure:5057: checking for stdlib.h
configure:5057: gcc -c -g -O0  conftest.c >&5
configure:5057: $? = 0
configure:5057: result: yes
configure:5057: checking for string.h
configure:5057: gcc -c -g -O0  conftest.c >&5
configure:5057: $? = 0
configure:5057: result: yes
configure:5057: checking for memory.h
configure:5057: gcc -c -g -O0  conftest.c >&5
configure:5057: $? = 0
configure:5057: result: yes
configure:5057: checking for strings.h
configure:5057: gcc -c -g -O0  conftest.c >&5
configure:5057: $? = 0
configure:5057: result: yes
configure:5057: checking for inttypes.h
configure:5057: gcc -c -g -O0  conftest.c >&5
configure:5057: $? = 0
configure:5057: result: yes
configure:5057: checking for stdint.h
configure:5057: gcc -c -g -O0  conftest.c >&5
configure:5057: $? = 0
configure:5057: result: yes
configure:5057: checking for unistd.h
configure:5057: gcc -c -g -O0  conftest.c >&5
configure:5057: $? = 0
configure:5057: result: yes
configure:5072: checking locale.h usability
configure:5072: gcc -c -g -O0  conftest.c >&5
configure:5072: $? = 0
configure:5072: result: yes
configure:5072: checking locale.h presence
configure:5072: gcc -E  conftest.c
configure:5072: $? = 0
configure:5072: result: yes
configure:5072: checking for locale.h
configure:5072: result: yes
configure:5083: checking for LC_MESSAGES
configure:5099: gcc -o conftest -g -O0   conftest.c -lxml2 -lm  >&5
configure:5099: $? = 0
configure:5107: result: yes
configure:5124: checking libintl.h usability
configure:5124: gcc -c -g -O0  conftest.c >&5
configure:5124: $? = 0
configure:5124: result: yes
configure:5124: checking libintl.h presence
configure:5124: gcc -E  conftest.c
configure:5124: $? = 0
configure:5124: result: yes
configure:5124: checking for libintl.h
configure:5124: result: yes
configure:5132: checking for ngettext in libc
configure:5150: gcc -o conftest -g -O0   conftest.c -lxml2 -lm  >&5
configure:5150: $? = 0
configure:5159: result: yes
configure:5163: checking for dgettext in libc
configure:5181: gcc -o conftest -g -O0   conftest.c -lxml2 -lm  >&5
configure:5181: $? = 0
configure:5190: result: yes
configure:5197: checking for bind_textdomain_codeset
configure:5197: gcc -o conftest -g -O0   conftest.c -lxml2 -lm  >&5
configure:5197: $? = 0
configure:5197: result: yes
configure:5473: checking for msgfmt
configure:5500: result: /usr/bin/msgfmt
configure:5511: checking for dcgettext
configure:5511: gcc -o conftest -g -O0   conftest.c -lxml2 -lm   >&5
conftest.c:51:6: warning: conflicting types for built-in function 'dcgettext'
 char dcgettext ();
      ^
configure:5511: $? = 0
configure:5511: result: yes
configure:5521: checking if msgfmt accepts -c
configure:5536: $MSGFMT -c -o /dev/null conftest.foo
conftest.foo:3: warning: header field 'Language' missing in header
configure:5539: $? = 0
configure:5541: result: yes
configure:5551: checking for gmsgfmt
configure:5582: result: /usr/bin/msgfmt
configure:5592: checking for xgettext
configure:5619: result: /usr/bin/xgettext
configure:5638: gcc -o conftest -g -O0   conftest.c -lxml2 -lm   >&5
configure:5638: $? = 0
configure:5807: checking build system type
configure:5821: result: x86_64-unknown-linux-gnu
configure:5841: checking host system type
configure:5854: result: x86_64-unknown-linux-gnu
configure:5895: checking how to print strings
configure:5922: result: printf
configure:5943: checking for a sed that does not truncate output
configure:6007: result: /usr/bin/sed
configure:6025: checking for fgrep
configure:6087: result: /usr/bin/grep -F
configure:6122: checking for ld used by gcc
configure:6189: result: /usr/bin/ld
configure:6196: checking if the linker (/usr/bin/ld) is GNU ld
configure:6211: result: yes
configure:6223: checking for BSD- or MS-compatible name lister (nm)
configure:6272: result: /usr/bin/nm -B
configure:6402: checking the name lister (/usr/bin/nm -B) interface
configure:6409: gcc -c -g -O0  conftest.c >&5
configure:6412: /usr/bin/nm -B "conftest.o"
configure:6415: output
0000000000000000 B some_variable
configure:6422: result: BSD nm
configure:6425: checking whether ln -s works
configure:6429: result: yes
configure:6437: checking the maximum length of command line arguments
configure:6567: result: 1572864
configure:6584: checking whether the shell understands some XSI constructs
configure:6594: result: yes
configure:6598: checking whether the shell understands "+="
configure:6604: result: yes
configure:6639: checking how to convert x86_64-unknown-linux-gnu file names to x86_64-unknown-linux-gnu format
configure:6679: result: func_convert_file_noop
configure:6686: checking how to convert x86_64-unknown-linux-gnu file names to toolchain format
configure:6706: result: func_convert_file_noop
configure:6713: checking for /usr/bin/ld option to reload object files
configure:6720: result: -r
configure:6794: checking for objdump
configure:6810: found /usr/bin/objdump
configure:6821: result: objdump
configure:6853: checking how to recognize dependent libraries
configure:7055: result: pass_all
configure:7140: checking for dlltool
configure:7170: result: no
configure:7200: checking how to associate runtime and link libraries
configure:7227: result: printf %s\n
configure:7287: checking for ar
configure:7303: found /usr/bin/ar
configure:7314: result: ar
configure:7351: checking for archiver @FILE support
configure:7368: gcc -c -g -O0  conftest.c >&5
configure:7368: $? = 0
configure:7371: ar cru libconftest.a @conftest.lst >&5
configure:7374: $? = 0
configure:7379: ar cru libconftest.a @conftest.lst >&5
ar: conftest.o: No such file or directory
configure:7382: $? = 1
configure:7394: result: @
configure:7452: checking for strip
configure:7468: found /usr/bin/strip
configure:7479: result: strip
configure:7551: checking for ranlib
configure:7567: found /usr/bin/ranlib
configure:7578: result: ranlib
configure:7680: checking command to parse /usr/bin/nm -B output from gcc object
configure:7800: gcc -c -g -O0  conftest.c >&5
configure:7803: $? = 0
configure:7807: /usr/bin/nm -B conftest.o \| sed -n -e 's/^.*[ ]\([ABCDGIRSTW][ABCDGIRSTW]*\)[ ][ ]*\([_A-Za-z][_A-Za-z0-9]*\)$/\1 \2 \2/p' | sed '/ __gnu_lto/d' \> conftest.nm
configure:7810: $? = 0
configure:7876: gcc -o conftest -g -O0   conftest.c conftstm.o >&5
configure:7879: $? = 0
configure:7917: result: ok
configure:7954: checking for sysroot
configure:7984: result: no
configure:8061: gcc -c -g -O0  conftest.c >&5
configure:8064: $? = 0
configure:8246: checking for mt
configure:8276: result: no
configure:8296: checking if : is a manifest tool
configure:8302: : '-?'
configure:8310: result: no
configure:8949: checking for dlfcn.h
configure:8949: gcc -c -g -O0  conftest.c >&5
configure:8949: $? = 0
configure:8949: result: yes
configure:9155: checking for objdir
configure:9170: result: .libs
configure:9441: checking if gcc supports -fno-rtti -fno-exceptions
configure:9459: gcc -c -g -O0  -fno-rtti -fno-exceptions conftest.c >&5
cc1: warning: command line option '-fno-rtti' is valid for C++/ObjC++ but not for C
configure:9463: $? = 0
configure:9476: result: no
configure:9803: checking for gcc option to produce PIC
configure:9810: result: -fPIC -DPIC
configure:9818: checking if gcc PIC flag -fPIC -DPIC works
configure:9836: gcc -c -g -O0  -fPIC -DPIC -DPIC conftest.c >&5
configure:9840: $? = 0
configure:9853: result: yes
configure:9882: checking if gcc static flag -static works
configure:9910: result: no
configure:9925: checking if gcc supports -c -o file.o
configure:9946: gcc -c -g -O0  -o out/conftest2.o conftest.c >&5
configure:9950: $? = 0
configure:9972: result: yes
configure:9980: checking if gcc supports -c -o file.o
configure:10027: result: yes
configure:10060: checking whether the gcc linker (/usr/bin/ld -m elf_x86_64) supports shared libraries
configure:11213: result: yes
configure:11250: checking whether -lc should be explicitly linked in
configure:11258: gcc -c -g -O0  conftest.c >&5
configure:11261: $? = 0
configure:11276: gcc -shared  -fPIC -DPIC conftest.o  -v -Wl,-soname -Wl,conftest -o conftest 2\>\&1 \| /usr/bin/grep  -lc  \>/dev/null 2\>\&1
configure:11279: $? = 0
configure:11293: result: no
configure:11453: checking dynamic linker characteristics
configure:11964: gcc -o conftest -g -O0   -Wl,-rpath -Wl,/foo conftest.c -lxml2 -lm  >&5
configure:11964: $? = 0
configure:12190: result: GNU/Linux ld.so
configure:12297: checking how to hardcode library paths into programs
configure:12322: result: immediate
configure:12862: checking whether stripping libraries is possible
configure:12867: result: yes
configure:12902: checking if libtool supports shared libraries
configure:12904: result: yes
configure:12907: checking whether to build shared libraries
configure:12928: result: yes
configure:12931: checking whether to build static libraries
configure:12935: result: yes
configure:13027: checking for pkg-config
configure:13045: found /usr/bin/pkg-config
configure:13057: result: /usr/bin/pkg-config
configure:13082: checking pkg-config is at least version 0.9.0
configure:13085: result: yes
configure:13095: checking for SOUND_EFFECTS_PLAYER
configure:13102: $PKG_CONFIG --exists --print-errors "gtk+-3.0 >= 3.14 gstreamer-1.0 gtk+-3.0 gstreamer-allocators-1.0 gstreamer-plugins-base-1.0 gstreamer-base-1.0 gstreamer-app-1.0 gstreamer-controller-1.0 gstreamer-audio-1.0 libxml-2.0"
configure:13105: $? = 0
configure:13119: $PKG_CONFIG --exists --print-errors "gtk+-3.0 >= 3.14 gstreamer-1.0 gtk+-3.0 gstreamer-allocators-1.0 gstreamer-plugins-base-1.0 gstreamer-base-1.0 gstreamer-app-1.0 gstreamer-controller-1.0 gstreamer-audio-1.0 libxml-2.0"
configure:13122: $? = 0
configure:13180: result: yes
configure:13296: checking that generated files are newer than configure
configure:13302: result: done
configure:13333: creating ./config.status

## ---------------- ##
## Cache variables. ##
## ---------------- ##

ac_cv_build=x86_64-unknown-linux-gnu
ac_cv_c_compiler_gnu=yes
ac_cv_env_CC_set=
ac_cv_env_CC_value=
ac_cv_env_CFLAGS_set=set
ac_cv_env_CFLAGS_value='-g -O0'
ac_cv_env_CPPFLAGS_set=
ac_cv_env_CPPFLAGS_value=
ac_cv_env_CPP_set=
ac_cv_env_CPP_value=
ac_cv_env_LDFLAGS_set=
ac_cv_env_LDFLAGS_value=
ac_cv_env_LIBS_set=
ac_cv_env_LIBS_value=
ac_cv_env_PKG_CONFIG_LIBDIR_set=
ac_cv_env_PKG_CONFIG_LIBDIR_value=
ac_cv_env_PKG_CONFIG_PATH_set=
ac_cv_env_PKG_CONFIG_PATH_value=
ac_cv_env_PKG_CONFIG_set=
ac_cv_env_PKG_CONFIG_value=
ac_cv_env_SOUND_EFFECTS_PLAYER_CFLAGS_set=
ac_cv_env_SOUND_EFFECTS_PLAYER_CFLAGS_value=
ac_cv_env_SOUND_EFFECTS_PLAYER_LIBS_set=
ac_cv_env_SOUND_EFFECTS_PLAYER_LIBS_value=
ac_cv_env_build_alias_set=
ac_cv_env_build_alias_value=
ac_cv_env_host_alias_set=
ac_cv_env_host_alias_value=
ac_cv_env_target_alias_set=
ac_cv_env_target_alias_value=
ac_cv_func_bind_textdomain_codeset=yes
ac_cv_func_dcgettext=yes
ac_cv_header_dlfcn_h=yes
ac_cv_header_inttypes_h=yes
ac_cv_header_libintl_h=yes
ac_cv_header_locale_h=yes
ac_cv_header_memory_h=yes
ac_cv_header_stdc=yes
ac_cv_header_stdint_h=yes
ac_cv_header_stdlib_h=yes
ac_cv_header_string_h=yes
ac_cv_header_strings_h=yes
ac_cv_header_sys_stat_h=yes
ac_cv_header_sys_types_h=yes
ac_cv_header_unistd_h=yes
ac_cv_host=x86_64-unknown-linux-gnu
ac_cv_lib_m_pow=yes
ac_cv_lib_xml2_xmlDocGetRootElement=yes
ac_cv_objext=o
ac_cv_path_EGREP='/usr/bin/grep -E'
ac_cv_path_FGREP='/usr/bin/grep -F'
ac_cv_path_GMSGFMT=/usr/bin/msgfmt
ac_cv_path_GREP=/usr/bin/grep
ac_cv_path_INTLTOOL_EXTRACT=/usr/bin/intltool-extract
ac_cv_path_INTLTOOL_MERGE=/usr/bin/intltool-merge
ac_cv_path_INTLTOOL_PERL=/usr/bin/perl
ac_cv_path_INTLTOOL_UPDATE=/usr/bin/intltool-update
ac_cv_path_MSGFMT=/usr/bin/msgfmt
ac_cv_path_MSGMERGE=/usr/bin/msgmerge
ac_cv_path_SED=/usr/bin/sed
ac_cv_path_XGETTEXT=/usr/bin/xgettext
ac_cv_path_ac_pt_PKG_CONFIG=/usr/bin/pkg-config
ac_cv_path_install='/usr/bin/install -c'
ac_cv_path_mkdir=/usr/bin/mkdir
ac_cv_prog_AWK=gawk
ac_cv_prog_CPP='gcc -E'
ac_cv_prog_ac_ct_AR=ar
ac_cv_prog_ac_ct_CC=gcc
ac_cv_prog_ac_ct_OBJDUMP=objdump
ac_cv_prog_ac_ct_RANLIB=ranlib
ac_cv_prog_ac_ct_STRIP=strip
ac_cv_prog_cc_c89=
ac_cv_prog_cc_g=yes
ac_cv_prog_make_make_set=yes
am_cv_CC_dependencies_compiler_type=gcc3
am_cv_make_support_nested_variables=yes
am_cv_prog_cc_c_o=yes
am_cv_val_LC_MESSAGES=yes
gt_cv_func_dgettext_libc=yes
gt_cv_func_dgettext_libintl=no
gt_cv_func_ngettext_libc=yes
gt_cv_have_gettext=yes
lt_cv_ar_at_file=@
lt_cv_archive_cmds_need_lc=no
lt_cv_deplibs_check_method=pass_all
lt_cv_file_magic_cmd='$MAGIC_CMD'
lt_cv_file_magic_test_file=
lt_cv_ld_reload_flag=-r
lt_cv_nm_interface='BSD nm'
lt_cv_objdir=.libs
lt_cv_path_LD=/usr/bin/ld
lt_cv_path_NM='/usr/bin/nm -B'
lt_cv_path_mainfest_tool=no
lt_cv_prog_compiler_c_o=yes
lt_cv_prog_compiler_pic='-fPIC -DPIC'
lt_cv_prog_compiler_pic_works=yes
lt_cv_prog_compiler_rtti_exceptions=no
lt_cv_prog_compiler_static_works=no
lt_cv_prog_gnu_ld=yes
lt_cv_sharedlib_from_linklib_cmd='printf %s\n'
lt_cv_shlibpath_overrides_runpath=no
lt_cv_sys_global_symbol_pipe='sed -n -e '\''s/^.*[	 ]\([ABCDGIRSTW][ABCDGIRSTW]*\)[	 ][	 ]*\([_A-Za-z][_A-Za-z0-9]*\)$/\1 \2 \2/p'\'' | sed '\''/ __gnu_lto/d'\'''
lt_cv_sys_global_symbol_to_c_name_address='sed -n -e '\''s/^: \([^ ]*\)[ ]*$/  {\"\1\", (void *) 0},/p'\'' -e '\''s/^[ABCDGIRSTW]* \([^ ]*\) \([^ ]*\)$/  {"\2", (void *) \&\2},/p'\'''
lt_cv_sys_global_symbol_to_c_name_address_lib_prefix='sed -n -e '\''s/^: \([^ ]*\)[ ]*$/  {\"\1\", (void *) 0},/p'\'' -e '\''s/^[ABCDGIRSTW]* \([^ ]*\) \(lib[^ ]*\)$/  {"\2", (void *) \&\2},/p'\'' -e '\''s/^[ABCDGIRSTW]* \([^ ]*\) \([^ ]*\)$/  {"lib\2", (void *) \&\2},/p'\'''
lt_cv_sys_global_symbol_to_cdecl='sed -n -e '\''s/^T .* \(.*\)$/extern int \1();/p'\'' -e '\''s/^[ABCDGIRSTW]* .* \(.*\)$/extern char \1;/p'\'''
lt_cv_sys_max_cmd_len=1572864
lt_cv_to_host_file_cmd=func_convert_file_noop
lt_cv_to_tool_file_cmd=func_convert_file_noop
pkg_cv_SOUND_EFFECTS_PLAYER_CFLAGS='-pthread -I/usr/include/gtk-3.0 -I/usr/include/at-spi2-atk/2.0 -I/usr/include/at-spi-2.0 -I/usr/include/dbus-1.0 -I/usr/lib64/dbus-1.0/include -I/usr/include/gtk-3.0 -I/usr/include/gio-unix-2.0/ -I/usr/include/cairo -I/usr/include/pango-1.0 -I/usr/include/harfbuzz -I/usr/include/pango-1.0 -I/usr/include/atk-1.0 -I/usr/include/cairo -I/usr/include/pixman-1 -I/usr/include/freetype2 -I/usr/include/libpng16 -I/usr/include/freetype2 -I/usr/include/libdrm -I/usr/include/libpng16 -I/usr/include/gdk-pixbuf-2.0 -I/usr/include/libpng16 -I/usr/include/gstreamer-1.0 -I/usr/include/glib-2.0 -I/usr/lib64/glib-2.0/include -I/usr/include/libxml2 '
pkg_cv_SOUND_EFFECTS_PLAYER_LIBS='-lgtk-3 -lgdk-3 -lpangocairo-1.0 -lpango-1.0 -latk-1.0 -lcairo-gobject -lcairo -lgdk_pixbuf-2.0 -lgio-2.0 -lgstallocators-1.0 -lgstapp-1.0 -lgstcontroller-1.0 -lgstaudio-1.0 -lgstbase-1.0 -lgstreamer-1.0 -lgobject-2.0 -lglib-2.0 -lxml2 '

## ----------------- ##
## Output variables. ##
## ----------------- ##

ACLOCAL='${SHELL} /home/jsauter/Projects/Theatre/show_control/sound_effects_player/missing aclocal-1.14'
ALL_LINGUAS=''
AMDEPBACKSLASH='\'
AMDEP_FALSE='#'
AMDEP_TRUE=''
AMTAR='$${TAR-tar}'
AM_BACKSLASH='\'
AM_DEFAULT_V='$(AM_DEFAULT_VERBOSITY)'
AM_DEFAULT_VERBOSITY='0'
AM_V='$(V)'
AR='ar'
AUTOCONF='${SHELL} /home/jsauter/Projects/Theatre/show_control/sound_effects_player/missing autoconf'
AUTOHEADER='${SHELL} /home/jsauter/Projects/Theatre/show_control/sound_effects_player/missing autoheader'
AUTOMAKE='${SHELL} /home/jsauter/Projects/Theatre/show_control/sound_effects_player/missing automake-1.14'
AWK='gawk'
CATALOGS=''
CATOBJEXT='.gmo'
CC='gcc'
CCDEPMODE='depmode=gcc3'
CFLAGS='-g -O0'
CPP='gcc -E'
CPPFLAGS=''
CYGPATH_W='echo'
DATADIRNAME='share'
DEFS='-DHAVE_CONFIG_H'
DEPDIR='.deps'
DLLTOOL='false'
DSYMUTIL=''
DUMPBIN=''
ECHO_C=''
ECHO_N='-n'
ECHO_T=''
EGREP='/usr/bin/grep -E'
EXEEXT=''
FGREP='/usr/bin/grep -F'
GETTEXT_PACKAGE='sound_effects_player'
GMOFILES=''
GMSGFMT='/usr/bin/msgfmt'
GREP='/usr/bin/grep'
INSTALL_DATA='${INSTALL} -m 644'
INSTALL_PROGRAM='${INSTALL}'
INSTALL_SCRIPT='${INSTALL}'
INSTALL_STRIP_PROGRAM='$(install_sh) -c -s'
INSTOBJEXT='.mo'
INTLLIBS=''
INTLTOOL_CAVES_RULE='%.caves:     %.caves.in     $(INTLTOOL_MERGE) $(wildcard $(top_srcdir)/po/*.po) ; $(INTLTOOL_V_MERGE)LC_ALL=C $(INTLTOOL_MERGE) $(INTLTOOL_V_MERGE_OPTIONS) -d -u -c $(top_builddir)/po/.intltool-merge-cache $(top_srcdir)/po $< $@'
INTLTOOL_DESKTOP_RULE='%.desktop:   %.desktop.in   $(INTLTOOL_MERGE) $(wildcard $(top_srcdir)/po/*.po) ; $(INTLTOOL_V_MERGE)LC_ALL=C $(INTLTOOL_MERGE) $(INTLTOOL_V_MERGE_OPTIONS) -d -u -c $(top_builddir)/po/.intltool-merge-cache $(top_srcdir)/po $< $@'
INTLTOOL_DIRECTORY_RULE='%.directory: %.directory.in $(INTLTOOL_MERGE) $(wildcard $(top_srcdir)/po/*.po) ; $(INTLTOOL_V_MERGE)LC_ALL=C $(INTLTOOL_MERGE) $(INTLTOOL_V_MERGE_OPTIONS) -d -u -c $(top_builddir)/po/.intltool-merge-cache $(top_srcdir)/po $< $@'
INTLTOOL_EXTRACT='/usr/bin/intltool-extract'
INTLTOOL_KBD_RULE='%.kbd:       %.kbd.in       $(INTLTOOL_MERGE) $(wildcard $(top_srcdir)/po/*.po) ; $(INTLTOOL_V_MERGE)LC_ALL=C $(INTLTOOL_MERGE) $(INTLTOOL_V_MERGE_OPTIONS) -x -u -m -c $(top_builddir)/po/.intltool-merge-cache $(top_srcdir)/po $< $@'
INTLTOOL_KEYS_RULE='%.keys:      %.keys.in      $(INTLTOOL_MERGE) $(wildcard $(top_srcdir)/po/*.po) ; $(INTLTOOL_V_MERGE)LC_ALL=C $(INTLTOOL_MERGE) $(INTLTOOL_V_MERGE_OPTIONS) -k -u -c $(top_builddir)/po/.intltool-merge-cache $(top_srcdir)/po $< $@'
INTLTOOL_MERGE='/usr/bin/intltool-merge'
INTLTOOL_OAF_RULE='%.oaf:       %.oaf.in       $(INTLTOOL_MERGE) $(wildcard $(top_srcdir)/po/*.po) ; $(INTLTOOL_V_MERGE)LC_ALL=C $(INTLTOOL_MERGE) $(INTLTOOL_V_MERGE_OPTIONS) -o -p $(top_srcdir)/po $< $@'
INTLTOOL_PERL='/usr/bin/perl'
INTLTOOL_POLICY_RULE='%.policy:    %.policy.in    $(INTLTOOL_MERGE) $(wildcard $(top_srcdir)/po/*.po) ; $(INTLTOOL_V_MERGE)LC_ALL=C $(INTLTOOL_MERGE) $(INTLTOOL_V_MERGE_OPTIONS) -x -u -c $(top_builddir)/po/.intltool-merge-cache $(top_srcdir)/po $< $@'
INTLTOOL_PONG_RULE='%.pong:      %.pong.in      $(INTLTOOL_MERGE) $(wildcard $(top_srcdir)/po/*.po) ; $(INTLTOOL_V_MERGE)LC_ALL=C $(INTLTOOL_MERGE) $(INTLTOOL_V_MERGE_OPTIONS) -x -u -c $(top_builddir)/po/.intltool-merge-cache $(top_srcdir)/po $< $@'
INTLTOOL_PROP_RULE='%.prop:      %.prop.in      $(INTLTOOL_MERGE) $(wildcard $(top_srcdir)/po/*.po) ; $(INTLTOOL_V_MERGE)LC_ALL=C $(INTLTOOL_MERGE) $(INTLTOOL_V_MERGE_OPTIONS) -d -u -c $(top_builddir)/po/.intltool-merge-cache $(top_srcdir)/po $< $@'
INTLTOOL_SCHEMAS_RULE='%.schemas:   %.schemas.in   $(INTLTOOL_MERGE) $(wildcard $(top_srcdir)/po/*.po) ; $(INTLTOOL_V_MERGE)LC_ALL=C $(INTLTOOL_MERGE) $(INTLTOOL_V_MERGE_OPTIONS) -s -u -c $(top_builddir)/po/.intltool-merge-cache $(top_srcdir)/po $< $@'
INTLTOOL_SERVER_RULE='%.server:    %.server.in    $(INTLTOOL_MERGE) $(wildcard $(top_srcdir)/po/*.po) ; $(INTLTOOL_V_MERGE)LC_ALL=C $(INTLTOOL_MERGE) $(INTLTOOL_V_MERGE_OPTIONS) -o -u -c $(top_builddir)/po/.intltool-merge-cache $(top_srcdir)/po $< $@'
INTLTOOL_SERVICE_RULE='%.service: %.service.in   $(INTLTOOL_MERGE) $(wildcard $(top_srcdir)/po/*.po) ; $(INTLTOOL_V_MERGE)LC_ALL=C $(INTLTOOL_MERGE) $(INTLTOOL_V_MERGE_OPTIONS) -d -u -c $(top_builddir)/po/.intltool-merge-cache $(top_srcdir)/po $< $@'
INTLTOOL_SHEET_RULE='%.sheet:     %.sheet.in     $(INTLTOOL_MERGE) $(wildcard $(top_srcdir)/po/*.po) ; $(INTLTOOL_V_MERGE)LC_ALL=C $(INTLTOOL_MERGE) $(INTLTOOL_V_MERGE_OPTIONS) -x -u -c $(top_builddir)/po/.intltool-merge-cache $(top_srcdir)/po $< $@'
INTLTOOL_SOUNDLIST_RULE='%.soundlist: %.soundlist.in $(INTLTOOL_MERGE) $(wildcard $(top_srcdir)/po/*.po) ; $(INTLTOOL_V_MERGE)LC_ALL=C $(INTLTOOL_MERGE) $(INTLTOOL_V_MERGE_OPTIONS) -d -u -c $(top_builddir)/po/.intltool-merge-cache $(top_srcdir)/po $< $@'
INTLTOOL_THEME_RULE='%.theme:     %.theme.in     $(INTLTOOL_MERGE) $(wildcard $(top_srcdir)/po/*.po) ; $(INTLTOOL_V_MERGE)LC_ALL=C $(INTLTOOL_MERGE) $(INTLTOOL_V_MERGE_OPTIONS) -d -u -c $(top_builddir)/po/.intltool-merge-cache $(top_srcdir)/po $< $@'
INTLTOOL_UI_RULE='%.ui:        %.ui.in        $(INTLTOOL_MERGE) $(wildcard $(top_srcdir)/po/*.po) ; $(INTLTOOL_V_MERGE)LC_ALL=C $(INTLTOOL_MERGE) $(INTLTOOL_V_MERGE_OPTIONS) -x -u -c $(top_builddir)/po/.intltool-merge-cache $(top_srcdir)/po $< $@'
INTLTOOL_UPDATE='/usr/bin/intltool-update'
INTLTOOL_V_MERGE='$(INTLTOOL__v_MERGE_$(V))'
INTLTOOL_V_MERGE_OPTIONS='$(intltool__v_merge_options_$(V))'
INTLTOOL_XAM_RULE='%.xam:       %.xml.in       $(INTLTOOL_MERGE) $(wildcard $(top_srcdir)/po/*.po) ; $(INTLTOOL_V_MERGE)LC_ALL=C $(INTLTOOL_MERGE) $(INTLTOOL_V_MERGE_OPTIONS) -x -u -c $(top_builddir)/po/.intltool-merge-cache $(top_srcdir)/po $< $@'
INTLTOOL_XML_NOMERGE_RULE='%.xml:       %.xml.in       $(INTLTOOL_MERGE) ; $(INTLTOOL_V_MERGE)LC_ALL=C $(INTLTOOL_MERGE) $(INTLTOOL_V_MERGE_OPTIONS) -x -u --no-translations $< $@'
INTLTOOL_XML_RULE='%.xml:       %.xml.in       $(INTLTOOL_MERGE) $(wildcard $(top_srcdir)/po/*.po) ; $(INTLTOOL_V_MERGE)LC_ALL=C $(INTLTOOL_MERGE) $(INTLTOOL_V_MERGE_OPTIONS) -x -u -c $(top_builddir)/po/.intltool-merge-cache $(top_srcdir)/po $< $@'
INTLTOOL__v_MERGE_0='@echo "  ITMRG " $@;'
INTLTOOL__v_MERGE_='$(INTLTOOL__v_MERGE_$(AM_DEFAULT_VERBOSITY))'
LD='/usr/bin/ld -m elf_x86_64'
LDFLAGS=''
LIBOBJS=''
LIBS='-lxml2 -lm '
LIBTOOL='$(SHELL) $(top_builddir)/libtool'
LIPO=''
LN_S='ln -s'
LTLIBOBJS=''
MAINT=''
MAINTAINER_MODE_FALSE='#'
MAINTAINER_MODE_TRUE=''
MAKEINFO='${SHELL} /home/jsauter/Projects/Theatre/show_control/sound_effects_player/missing makeinfo'
MANIFEST_TOOL=':'
MKDIR_P='/usr/bin/mkdir -p'
MKINSTALLDIRS='/home/jsauter/Projects/Theatre/show_control/sound_effects_player/mkinstalldirs'
MSGFMT='/usr/bin/msgfmt'
MSGFMT_OPTS='-c'
MSGMERGE='/usr/bin/msgmerge'
NM='/usr/bin/nm -B'
NMEDIT=''
OBJDUMP='objdump'
OBJEXT='o'
OTOOL64=''
OTOOL=''
PACKAGE='sound_effects_player'
PACKAGE_BUGREPORT='John_Sauter@systemeyescomputerstore.com'
PACKAGE_NAME='sound_effects_player'
PACKAGE_STRING='sound_effects_player 0.27'
PACKAGE_TARNAME='sound_effects_player'
PACKAGE_URL=''
PACKAGE_VERSION='0.27'
PATH_SEPARATOR=':'
PKG_CONFIG='/usr/bin/pkg-config'
PKG_CONFIG_LIBDIR=''
PKG_CONFIG_PATH=''
POFILES=''
POSUB='po'
PO_IN_DATADIR_FALSE=''
PO_IN_DATADIR_TRUE=''
RANLIB='ranlib'
SED='/usr/bin/sed'
SET_MAKE=''
SHELL='/bin/sh'
SOUND_EFFECTS_PLAYER_CFLAGS='-pthread -I/usr/include/gtk-3.0 -I/usr/include/at-spi2-atk/2.0 -I/usr/include/at-spi-2.0 -I/usr/include/dbus-1.0 -I/usr/lib64/dbus-1.0/include -I/usr/include/gtk-3.0 -I/usr/include/gio-unix-2.0/ -I/usr/include/cairo -I/usr/include/pango-1.0 -I/usr/include/harfbuzz -I/usr/include/pango-1.0 -I/usr/include/atk-1.0 -I/usr/include/cairo -I/usr/include/pixman-1 -I/usr/include/freetype2 -I/usr/include/libpng16 -I/usr/include/freetype2 -I/usr/include/libdrm -I/usr/include/libpng16 -I/usr/include/gdk-pixbuf-2.0 -I/usr/include/libpng16 -I/usr/include/gstreamer-1.0 -I/usr/include/glib-2.0 -I/usr/lib64/glib-2.0/include -I/usr/include/libxml2 '
SOUND_EFFECTS_PLAYER_LIBS='-lgtk-3 -lgdk-3 -lpangocairo-1.0 -lpango-1.0 -latk-1.0 -lcairo-gobject -lcairo -lgdk_pixbuf-2.0 -lgio-2.0 -lgstallocators-1.0 -lgstapp-1.0 -lgstcontroller-1.0 -lgstaudio-1.0 -lgstbase-1.0 -lgstreamer-1.0 -lgobject-2.0 -lglib-2.0 -lxml2 '
STRIP='strip'
USE_NLS='yes'
VERSION='0.27'
XGETTEXT='/usr/bin/xgettext'
ac_ct_AR='ar'
ac_ct_CC='gcc'
ac_ct_DUMPBIN=''
am__EXEEXT_FALSE=''
am__EXEEXT_TRUE='#'
am__fastdepCC_FALSE='#'
am__fastdepCC_TRUE=''
am__include='include'
am__isrc=' -I$(srcdir)'
am__leading_dot='.'
am__nodep='_no'
am__quote=''
am__tar='$${TAR-tar} chof - "$$tardir"'
am__untar='$${TAR-tar} xf -'
bindir='${exec_prefix}/bin'
build='x86_64-unknown-linux-gnu'
build_alias=''
build_cpu='x86_64'
build_os='linux-gnu'
build_vendor='unknown'
datadir='${datarootdir}'
datarootdir='${prefix}/share'
docdir='${datarootdir}/doc/${PACKAGE_TARNAME}'
dvidir='${docdir}'
exec_prefix='${prefix}'
host='x86_64-unknown-linux-gnu'
host_alias=''
host_cpu='x86_64'
host_os='linux-gnu'
host_vendor='unknown'
htmldir='${docdir}'
includedir='${prefix}/include'
infodir='${datarootdir}/info'
install_sh='${SHELL} /home/jsauter/Projects/Theatre/show_control/sound_effects_player/install-sh'
intltool__v_merge_options_0='-q'
intltool__v_merge_options_='$(intltool__v_merge_options_$(AM_DEFAULT_VERBOSITY))'
libdir='${exec_prefix}/lib'
libexecdir='${exec_prefix}/libexec'
localedir='${datarootdir}/locale'
localstatedir='${prefix}/var'
mandir='${datarootdir}/man'
mkdir_p='$(MKDIR_P)'
oldincludedir='/usr/include'
pdfdir='${docdir}'
prefix='/usr/local'
program_transform_name='s,x,x,'
psdir='${docdir}'
sbindir='${exec_prefix}/sbin'
sharedstatedir='${prefix}/com'
sysconfdir='${prefix}/etc'
target_alias=''

## ----------- ##
## confdefs.h. ##
## ----------- ##

/* confdefs.h */
#define PACKAGE_NAME "sound_effects_player"
#define PACKAGE_TARNAME "sound_effects_player"
#define PACKAGE_VERSION "0.27"
#define PACKAGE_STRING "sound_effects_player 0.27"
#define PACKAGE_BUGREPORT "John_Sauter@systemeyescomputerstore.com"
#define PACKAGE_URL ""
#define PACKAGE "sound_effects_player"
#define VERSION "0.27"
#define HAVE_LIBM 1
#define HAVE_LIBXML2 1
#define GETTEXT_PACKAGE "sound_effects_player"
#define STDC_HEADERS 1
#define HAVE_SYS_TYPES_H 1
#define HAVE_SYS_STAT_H 1
#define HAVE_STDLIB_H 1
#define HAVE_STRING_H 1
#define HAVE_MEMORY_H 1
#define HAVE_STRINGS_H 1
#define HAVE_INTTYPES_H 1
#define HAVE_STDINT_H 1
#define HAVE_UNISTD_H 1
#define HAVE_LOCALE_H 1
#define HAVE_LC_MESSAGES 1
#define HAVE_BIND_TEXTDOMAIN_CODESET 1
#define HAVE_GETTEXT 1
#define HAVE_DCGETTEXT 1
#define ENABLE_NLS 1
#define HAVE_DLFCN_H 1
#define LT_OBJDIR ".libs/"

configure: exit 0

## ---------------------- ##
## Running config.status. ##
## ---------------------- ##

This file was extended by sound_effects_player config.status 0.27, which was
generated by GNU Autoconf 2.69.  Invocation command line was

  CONFIG_FILES    = 
  CONFIG_HEADERS  = 
  CONFIG_LINKS    = 
  CONFIG_COMMANDS = 
  $ ./config.status 

on sauterserver.sauterhome

config.status:1176: creating Makefile
config.status:1176: creating src/Makefile
config.status:1176: creating po/Makefile.in
config.status:1176: creating doc/Makefile
config.status:1176: creating icons/Makefile
config.status:1176: creating config.h
config.status:1390: executing depfiles commands
config.status:1390: executing default-1 commands
config.status:1390: executing libtool commands
config.status:1390: executing po/stamp-it commands

## ---------------------- ##
## Running config.status. ##
## ---------------------- ##

This file was extended by sound_effects_player config.status 0.27, which was
generated by GNU Autoconf 2.69.  Invocation command line was

  CONFIG_FILES    = po/Makefile.in
  CONFIG_HEADERS  = 
  CONFIG_LINKS    = 
  CONFIG_COMMANDS = 
  $ ./config.status 

on sauterserver.sauterhome

config.status:1176: creating po/Makefile.in
config.status:1390: executing depfiles commands
config.status:1390: executing default-1 commands
config.status:1390: executing libtool commands
config.status:1390: executing po/stamp-it commands
