This file contains any messages produced by compilers while
running configure, to aid debugging if configure makes a mistake.

It was created by sound_effects_player configure 0.43, which was
generated by GNU Autoconf 2.69.  Invocation command line was

  $ ./configure 

## --------- ##
## Platform. ##
## --------- ##

hostname = ubsfive
uname -m = x86_64
uname -r = 3.13.0-37-lowlatency
uname -s = Linux
uname -v = #64-Ubuntu SMP PREEMPT Mon Sep 22 21:56:22 UTC 2014

/usr/bin/uname -p = unknown
/bin/uname -X     = unknown

/bin/arch              = unknown
/usr/bin/arch -k       = unknown
/usr/convex/getsysinfo = unknown
/usr/bin/hostinfo      = unknown
/bin/machine           = unknown
/usr/bin/oslevel       = unknown
/bin/universe          = unknown

PATH: /usr/local/sbin
PATH: /usr/local/bin
PATH: /usr/sbin
PATH: /usr/bin
PATH: /sbin
PATH: /bin
PATH: /usr/games
PATH: /usr/local/games
PATH: /home/mac/ANDROID/platform-tools


## ----------- ##
## Core tests. ##
## ----------- ##

configure:2337: checking for a BSD-compatible install
configure:2405: result: /usr/bin/install -c
configure:2416: checking whether build environment is sane
configure:2471: result: yes
configure:2622: checking for a thread-safe mkdir -p
configure:2661: result: /bin/mkdir -p
configure:2668: checking for gawk
configure:2684: found /usr/bin/gawk
configure:2695: result: gawk
configure:2706: checking whether make sets $(MAKE)
configure:2728: result: yes
configure:2757: checking whether make supports nested variables
configure:2774: result: yes
configure:2910: checking whether make supports nested variables
configure:2927: result: yes
configure:2939: checking whether to enable maintainer-specific portions of Makefiles
configure:2948: result: yes
configure:3010: checking for gcc
configure:3026: found /usr/bin/gcc
configure:3037: result: gcc
configure:3266: checking for C compiler version
configure:3275: gcc --version >&5
gcc (Ubuntu 4.8.4-2ubuntu1~14.04) 4.8.4
Copyright (C) 2013 Free Software Foundation, Inc.
This is free software; see the source for copying conditions.  There is NO
warranty; not even for MERCHANTABILITY or FITNESS FOR A PARTICULAR PURPOSE.

configure:3286: $? = 0
configure:3275: gcc -v >&5
Using built-in specs.
COLLECT_GCC=gcc
COLLECT_LTO_WRAPPER=/usr/lib/gcc/x86_64-linux-gnu/4.8/lto-wrapper
Target: x86_64-linux-gnu
Configured with: ../src/configure -v --with-pkgversion='Ubuntu 4.8.4-2ubuntu1~14.04' --with-bugurl=file:///usr/share/doc/gcc-4.8/README.Bugs --enable-languages=c,c++,java,go,d,fortran,objc,obj-c++ --prefix=/usr --program-suffix=-4.8 --enable-shared --enable-linker-build-id --libexecdir=/usr/lib --without-included-gettext --enable-threads=posix --with-gxx-include-dir=/usr/include/c++/4.8 --libdir=/usr/lib --enable-nls --with-sysroot=/ --enable-clocale=gnu --enable-libstdcxx-debug --enable-libstdcxx-time=yes --enable-gnu-unique-object --disable-libmudflap --enable-plugin --with-system-zlib --disable-browser-plugin --enable-java-awt=gtk --enable-gtk-cairo --with-java-home=/usr/lib/jvm/java-1.5.0-gcj-4.8-amd64/jre --enable-java-home --with-jvm-root-dir=/usr/lib/jvm/java-1.5.0-gcj-4.8-amd64 --with-jvm-jar-dir=/usr/lib/jvm-exports/java-1.5.0-gcj-4.8-amd64 --with-arch-directory=amd64 --with-ecj-jar=/usr/share/java/eclipse-ecj.jar --enable-objc-gc --enable-multiarch --disable-werror --with-arch-32=i686 --with-abi=m64 --with-multilib-list=m32,m64,mx32 --with-tune=generic --enable-checking=release --build=x86_64-linux-gnu --host=x86_64-linux-gnu --target=x86_64-linux-gnu
Thread model: posix
gcc version 4.8.4 (Ubuntu 4.8.4-2ubuntu1~14.04) 
configure:3286: $? = 0
configure:3275: gcc -V >&5
gcc: error: unrecognized command line option '-V'
gcc: fatal error: no input files
compilation terminated.
configure:3286: $? = 4
configure:3275: gcc -qversion >&5
gcc: error: unrecognized command line option '-qversion'
gcc: fatal error: no input files
compilation terminated.
configure:3286: $? = 4
configure:3306: checking whether the C compiler works
configure:3328: gcc    conftest.c  >&5
configure:3332: $? = 0
configure:3380: result: yes
configure:3383: checking for C compiler default output file name
configure:3385: result: a.out
configure:3391: checking for suffix of executables
configure:3398: gcc -o conftest    conftest.c  >&5
configure:3402: $? = 0
configure:3424: result: 
configure:3446: checking whether we are cross compiling
configure:3454: gcc -o conftest    conftest.c  >&5
configure:3458: $? = 0
configure:3465: ./conftest
configure:3469: $? = 0
configure:3484: result: no
configure:3489: checking for suffix of object files
configure:3511: gcc -c   conftest.c >&5
configure:3515: $? = 0
configure:3536: result: o
configure:3540: checking whether we are using the GNU C compiler
configure:3559: gcc -c   conftest.c >&5
configure:3559: $? = 0
configure:3568: result: yes
configure:3577: checking whether gcc accepts -g
configure:3597: gcc -c -g  conftest.c >&5
configure:3597: $? = 0
configure:3638: result: yes
configure:3655: checking for gcc option to accept ISO C89
configure:3718: gcc  -c -g -O2  conftest.c >&5
configure:3718: $? = 0
configure:3731: result: none needed
configure:3756: checking whether gcc understands -c and -o together
configure:3778: gcc -c conftest.c -o conftest2.o
configure:3781: $? = 0
configure:3778: gcc -c conftest.c -o conftest2.o
configure:3781: $? = 0
configure:3793: result: yes
configure:3821: checking for style of include used by make
configure:3849: result: GNU
configure:3875: checking dependency style of gcc
configure:3986: result: gcc3
configure:4002: checking for pow in -lm
configure:4027: gcc -o conftest -g -O2   conftest.c -lm   >&5
conftest.c:18:6: warning: conflicting types for built-in function 'pow' [enabled by default]
 char pow ();
      ^
configure:4027: $? = 0
configure:4036: result: yes
configure:4047: checking for xmlDocGetRootElement in -lxml2
configure:4072: gcc -o conftest -g -O2   conftest.c -lxml2  -lm  >&5
configure:4072: $? = 0
configure:4081: result: yes
configure:4094: checking whether NLS is requested
configure:4103: result: yes
configure:4121: checking for intltool >= 0.35.0
configure:4123: result: 0.50.2 found
configure:4131: checking for intltool-update
configure:4149: found /usr/bin/intltool-update
configure:4161: result: /usr/bin/intltool-update
configure:4171: checking for intltool-merge
configure:4189: found /usr/bin/intltool-merge
configure:4201: result: /usr/bin/intltool-merge
configure:4211: checking for intltool-extract
configure:4229: found /usr/bin/intltool-extract
configure:4241: result: /usr/bin/intltool-extract
configure:4395: checking for xgettext
configure:4413: found /usr/bin/xgettext
configure:4425: result: /usr/bin/xgettext
configure:4435: checking for msgmerge
configure:4453: found /usr/bin/msgmerge
configure:4465: result: /usr/bin/msgmerge
configure:4475: checking for msgfmt
configure:4493: found /usr/bin/msgfmt
configure:4505: result: /usr/bin/msgfmt
configure:4515: checking for gmsgfmt
configure:4546: result: /usr/bin/msgfmt
configure:4566: checking for perl
configure:4584: found /usr/bin/perl
configure:4596: result: /usr/bin/perl
configure:4607: checking for perl >= 5.8.1
configure:4614: result: 5.18.2
configure:4618: checking for XML::Parser
configure:4621: result: ok
configure:4646: gcc -o conftest -g -O2   conftest.c -lxml2 -lm  >&5
configure:4646: $? = 0
configure:4686: checking how to run the C preprocessor
configure:4717: gcc -E  conftest.c
configure:4717: $? = 0
configure:4731: gcc -E  conftest.c
conftest.c:14:28: fatal error: ac_nonexistent.h: No such file or directory
 #include <ac_nonexistent.h>
                            ^
compilation terminated.
configure:4731: $? = 1
configure: failed program was:
| /* confdefs.h */
| #define PACKAGE_NAME "sound_effects_player"
| #define PACKAGE_TARNAME "sound_effects_player"
| #define PACKAGE_VERSION "0.43"
| #define PACKAGE_STRING "sound_effects_player 0.43"
| #define PACKAGE_BUGREPORT "John_Sauter@systemeyescomputerstore.com"
| #define PACKAGE_URL ""
| #define PACKAGE "sound_effects_player"
| #define VERSION "0.43"
| #define HAVE_LIBM 1
| #define HAVE_LIBXML2 1
| #define GETTEXT_PACKAGE "sound_effects_player"
| /* end confdefs.h.  */
| #include <ac_nonexistent.h>
configure:4756: result: gcc -E
configure:4776: gcc -E  conftest.c
configure:4776: $? = 0
configure:4790: gcc -E  conftest.c
conftest.c:14:28: fatal error: ac_nonexistent.h: No such file or directory
 #include <ac_nonexistent.h>
                            ^
compilation terminated.
configure:4790: $? = 1
configure: failed program was:
| /* confdefs.h */
| #define PACKAGE_NAME "sound_effects_player"
| #define PACKAGE_TARNAME "sound_effects_player"
| #define PACKAGE_VERSION "0.43"
| #define PACKAGE_STRING "sound_effects_player 0.43"
| #define PACKAGE_BUGREPORT "John_Sauter@systemeyescomputerstore.com"
| #define PACKAGE_URL ""
| #define PACKAGE "sound_effects_player"
| #define VERSION "0.43"
| #define HAVE_LIBM 1
| #define HAVE_LIBXML2 1
| #define GETTEXT_PACKAGE "sound_effects_player"
| /* end confdefs.h.  */
| #include <ac_nonexistent.h>
configure:4819: checking for grep that handles long lines and -e
configure:4877: result: /bin/grep
configure:4882: checking for egrep
configure:4944: result: /bin/grep -E
configure:4949: checking for ANSI C header files
configure:4969: gcc -c -g -O2  conftest.c >&5
configure:4969: $? = 0
configure:5042: gcc -o conftest -g -O2   conftest.c -lxml2 -lm  >&5
configure:5042: $? = 0
configure:5042: ./conftest
configure:5042: $? = 0
configure:5053: result: yes
configure:5066: checking for sys/types.h
configure:5066: gcc -c -g -O2  conftest.c >&5
configure:5066: $? = 0
configure:5066: result: yes
configure:5066: checking for sys/stat.h
configure:5066: gcc -c -g -O2  conftest.c >&5
configure:5066: $? = 0
configure:5066: result: yes
configure:5066: checking for stdlib.h
configure:5066: gcc -c -g -O2  conftest.c >&5
configure:5066: $? = 0
configure:5066: result: yes
configure:5066: checking for string.h
configure:5066: gcc -c -g -O2  conftest.c >&5
configure:5066: $? = 0
configure:5066: result: yes
configure:5066: checking for memory.h
configure:5066: gcc -c -g -O2  conftest.c >&5
configure:5066: $? = 0
configure:5066: result: yes
configure:5066: checking for strings.h
configure:5066: gcc -c -g -O2  conftest.c >&5
configure:5066: $? = 0
configure:5066: result: yes
configure:5066: checking for inttypes.h
configure:5066: gcc -c -g -O2  conftest.c >&5
configure:5066: $? = 0
configure:5066: result: yes
configure:5066: checking for stdint.h
configure:5066: gcc -c -g -O2  conftest.c >&5
configure:5066: $? = 0
configure:5066: result: yes
configure:5066: checking for unistd.h
configure:5066: gcc -c -g -O2  conftest.c >&5
configure:5066: $? = 0
configure:5066: result: yes
configure:5081: checking locale.h usability
configure:5081: gcc -c -g -O2  conftest.c >&5
configure:5081: $? = 0
configure:5081: result: yes
configure:5081: checking locale.h presence
configure:5081: gcc -E  conftest.c
configure:5081: $? = 0
configure:5081: result: yes
configure:5081: checking for locale.h
configure:5081: result: yes
configure:5092: checking for LC_MESSAGES
configure:5108: gcc -o conftest -g -O2   conftest.c -lxml2 -lm  >&5
configure:5108: $? = 0
configure:5116: result: yes
configure:5133: checking libintl.h usability
configure:5133: gcc -c -g -O2  conftest.c >&5
configure:5133: $? = 0
configure:5133: result: yes
configure:5133: checking libintl.h presence
configure:5133: gcc -E  conftest.c
configure:5133: $? = 0
configure:5133: result: yes
configure:5133: checking for libintl.h
configure:5133: result: yes
configure:5141: checking for ngettext in libc
configure:5159: gcc -o conftest -g -O2   conftest.c -lxml2 -lm  >&5
configure:5159: $? = 0
configure:5168: result: yes
configure:5172: checking for dgettext in libc
configure:5190: gcc -o conftest -g -O2   conftest.c -lxml2 -lm  >&5
configure:5190: $? = 0
configure:5199: result: yes
configure:5206: checking for bind_textdomain_codeset
configure:5206: gcc -o conftest -g -O2   conftest.c -lxml2 -lm  >&5
configure:5206: $? = 0
configure:5206: result: yes
configure:5482: checking for msgfmt
configure:5509: result: /usr/bin/msgfmt
configure:5520: checking for dcgettext
configure:5520: gcc -o conftest -g -O2   conftest.c -lxml2 -lm   >&5
conftest.c:51:6: warning: conflicting types for built-in function 'dcgettext' [enabled by default]
 char dcgettext ();
      ^
configure:5520: $? = 0
configure:5520: result: yes
configure:5530: checking if msgfmt accepts -c
configure:5545: $MSGFMT -c -o /dev/null conftest.foo
conftest.foo:3: warning: header field 'Language' missing in header
configure:5548: $? = 0
configure:5550: result: yes
configure:5560: checking for gmsgfmt
configure:5591: result: /usr/bin/msgfmt
configure:5601: checking for xgettext
configure:5628: result: /usr/bin/xgettext
configure:5647: gcc -o conftest -g -O2   conftest.c -lxml2 -lm   >&5
configure:5647: $? = 0
configure:5817: checking build system type
configure:5831: result: x86_64-unknown-linux-gnu
configure:5851: checking host system type
configure:5864: result: x86_64-unknown-linux-gnu
configure:5905: checking how to print strings
configure:5932: result: printf
configure:5953: checking for a sed that does not truncate output
configure:6017: result: /bin/sed
configure:6035: checking for fgrep
configure:6097: result: /bin/grep -F
configure:6132: checking for ld used by gcc
configure:6199: result: /usr/bin/ld
configure:6206: checking if the linker (/usr/bin/ld) is GNU ld
configure:6221: result: yes
configure:6233: checking for BSD- or MS-compatible name lister (nm)
configure:6282: result: /usr/bin/nm -B
configure:6412: checking the name lister (/usr/bin/nm -B) interface
configure:6419: gcc -c -g -O2  conftest.c >&5
configure:6422: /usr/bin/nm -B "conftest.o"
configure:6425: output
0000000000000000 B some_variable
configure:6432: result: BSD nm
configure:6435: checking whether ln -s works
configure:6439: result: yes
configure:6447: checking the maximum length of command line arguments
configure:6577: result: 1572864
configure:6594: checking whether the shell understands some XSI constructs
configure:6604: result: yes
configure:6608: checking whether the shell understands "+="
configure:6614: result: yes
configure:6649: checking how to convert x86_64-unknown-linux-gnu file names to x86_64-unknown-linux-gnu format
configure:6689: result: func_convert_file_noop
configure:6696: checking how to convert x86_64-unknown-linux-gnu file names to toolchain format
configure:6716: result: func_convert_file_noop
configure:6723: checking for /usr/bin/ld option to reload object files
configure:6730: result: -r
configure:6804: checking for objdump
configure:6820: found /usr/bin/objdump
configure:6831: result: objdump
configure:6863: checking how to recognize dependent libraries
configure:7065: result: pass_all
configure:7150: checking for dlltool
configure:7180: result: no
configure:7210: checking how to associate runtime and link libraries
configure:7237: result: printf %s\n
configure:7297: checking for ar
configure:7313: found /usr/bin/ar
configure:7324: result: ar
configure:7361: checking for archiver @FILE support
configure:7378: gcc -c -g -O2  conftest.c >&5
configure:7378: $? = 0
configure:7381: ar cru libconftest.a @conftest.lst >&5
configure:7384: $? = 0
configure:7389: ar cru libconftest.a @conftest.lst >&5
ar: conftest.o: No such file or directory
configure:7392: $? = 1
configure:7404: result: @
configure:7462: checking for strip
configure:7478: found /usr/bin/strip
configure:7489: result: strip
configure:7561: checking for ranlib
configure:7577: found /usr/bin/ranlib
configure:7588: result: ranlib
configure:7690: checking command to parse /usr/bin/nm -B output from gcc object
configure:7810: gcc -c -g -O2  conftest.c >&5
configure:7813: $? = 0
configure:7817: /usr/bin/nm -B conftest.o \| sed -n -e 's/^.*[ ]\([ABCDGIRSTW][ABCDGIRSTW]*\)[ ][ ]*\([_A-Za-z][_A-Za-z0-9]*\)$/\1 \2 \2/p' | sed '/ __gnu_lto/d' \> conftest.nm
configure:7820: $? = 0
configure:7886: gcc -o conftest -g -O2   conftest.c conftstm.o >&5
configure:7889: $? = 0
configure:7927: result: ok
configure:7964: checking for sysroot
configure:7994: result: no
configure:8071: gcc -c -g -O2  conftest.c >&5
configure:8074: $? = 0
configure:8256: checking for mt
configure:8272: found /bin/mt
configure:8283: result: mt
configure:8306: checking if mt is a manifest tool
configure:8312: mt '-?'
configure:8320: result: no
configure:8959: checking for dlfcn.h
configure:8959: gcc -c -g -O2  conftest.c >&5
configure:8959: $? = 0
configure:8959: result: yes
configure:9165: checking for objdir
configure:9180: result: .libs
configure:9451: checking if gcc supports -fno-rtti -fno-exceptions
configure:9469: gcc -c -g -O2  -fno-rtti -fno-exceptions conftest.c >&5
cc1: warning: command line option '-fno-rtti' is valid for C++/ObjC++ but not for C [enabled by default]
configure:9473: $? = 0
configure:9486: result: no
configure:9813: checking for gcc option to produce PIC
configure:9820: result: -fPIC -DPIC
configure:9828: checking if gcc PIC flag -fPIC -DPIC works
configure:9846: gcc -c -g -O2  -fPIC -DPIC -DPIC conftest.c >&5
configure:9850: $? = 0
configure:9863: result: yes
configure:9892: checking if gcc static flag -static works
configure:9920: result: yes
configure:9935: checking if gcc supports -c -o file.o
configure:9956: gcc -c -g -O2  -o out/conftest2.o conftest.c >&5
configure:9960: $? = 0
configure:9982: result: yes
configure:9990: checking if gcc supports -c -o file.o
configure:10037: result: yes
configure:10070: checking whether the gcc linker (/usr/bin/ld -m elf_x86_64) supports shared libraries
configure:11223: result: yes
configure:11260: checking whether -lc should be explicitly linked in
configure:11268: gcc -c -g -O2  conftest.c >&5
configure:11271: $? = 0
configure:11286: gcc -shared  -fPIC -DPIC conftest.o  -v -Wl,-soname -Wl,conftest -o conftest 2\>\&1 \| /bin/grep  -lc  \>/dev/null 2\>\&1
configure:11289: $? = 0
configure:11303: result: no
configure:11463: checking dynamic linker characteristics
configure:11974: gcc -o conftest -g -O2   -Wl,-rpath -Wl,/foo conftest.c -lxml2 -lm  >&5
configure:11974: $? = 0
configure:12200: result: GNU/Linux ld.so
configure:12307: checking how to hardcode library paths into programs
configure:12332: result: immediate
configure:12872: checking whether stripping libraries is possible
configure:12877: result: yes
configure:12912: checking if libtool supports shared libraries
configure:12914: result: yes
configure:12917: checking whether to build shared libraries
configure:12938: result: yes
configure:12941: checking whether to build static libraries
configure:12945: result: yes
configure:12985: checking for pkg-config
configure:13001: found /usr/bin/pkg-config
configure:13015: result:  
configure:13082: checking for pkg-config
configure:13100: found /usr/bin/pkg-config
configure:13112: result: /usr/bin/pkg-config
configure:13137: checking pkg-config is at least version 0.9.0
configure:13140: result: yes
configure:13150: checking for GST
configure:13162: $PKG_CONFIG --exists --print-errors "
  gstreamer-1.0 >= $GST_REQUIRED
  gstreamer-base-1.0 >= $GST_REQUIRED
  gstreamer-controller-1.0 >= $GST_REQUIRED
  gstreamer-audio-1.0 >= $GST_REQUIRED
"
configure:13170: $? = 0
configure:13194: $PKG_CONFIG --exists --print-errors "
  gstreamer-1.0 >= $GST_REQUIRED
  gstreamer-base-1.0 >= $GST_REQUIRED
  gstreamer-controller-1.0 >= $GST_REQUIRED
  gstreamer-audio-1.0 >= $GST_REQUIRED
"
configure:13202: $? = 0
configure:13271: result: yes
configure:13281: checking for SOUND_EFFECTS_PLAYER
configure:13288: $PKG_CONFIG --exists --print-errors "gtk+-3.0 >= 3.14 gstreamer-1.0 gtk+-3.0 gstreamer-allocators-1.0 gstreamer-plugins-base-1.0 gstreamer-base-1.0 gstreamer-app-1.0 gstreamer-controller-1.0 gstreamer-audio-1.0 libxml-2.0"
Requested 'gtk+-3.0 >= 3.14' but version of GTK+ is 3.10.8
configure:13291: $? = 1
configure:13305: $PKG_CONFIG --exists --print-errors "gtk+-3.0 >= 3.14 gstreamer-1.0 gtk+-3.0 gstreamer-allocators-1.0 gstreamer-plugins-base-1.0 gstreamer-base-1.0 gstreamer-app-1.0 gstreamer-controller-1.0 gstreamer-audio-1.0 libxml-2.0"
Requested 'gtk+-3.0 >= 3.14' but version of GTK+ is 3.10.8
configure:13308: $? = 1
configure:13322: result: no
Requested 'gtk+-3.0 >= 3.14' but version of GTK+ is 3.10.8
configure:13338: error: Package requirements (gtk+-3.0 >= 3.14 gstreamer-1.0 gtk+-3.0 gstreamer-allocators-1.0 gstreamer-plugins-base-1.0 gstreamer-base-1.0 gstreamer-app-1.0 gstreamer-controller-1.0 gstreamer-audio-1.0 libxml-2.0) were not met:

Requested 'gtk+-3.0 >= 3.14' but version of GTK+ is 3.10.8

Consider adjusting the PKG_CONFIG_PATH environment variable if you
installed software in a non-standard prefix.

Alternatively, you may set the environment variables SOUND_EFFECTS_PLAYER_CFLAGS
and SOUND_EFFECTS_PLAYER_LIBS to avoid the need to call pkg-config.
See the pkg-config man page for more details.

## ---------------- ##
## Cache variables. ##
## ---------------- ##

ac_cv_build=x86_64-unknown-linux-gnu
ac_cv_c_compiler_gnu=yes
ac_cv_env_CC_set=
ac_cv_env_CC_value=
ac_cv_env_CFLAGS_set=
ac_cv_env_CFLAGS_value=
ac_cv_env_CPPFLAGS_set=
ac_cv_env_CPPFLAGS_value=
ac_cv_env_CPP_set=
ac_cv_env_CPP_value=
ac_cv_env_GST_CFLAGS_set=
ac_cv_env_GST_CFLAGS_value=
ac_cv_env_GST_LIBS_set=
ac_cv_env_GST_LIBS_value=
ac_cv_env_LDFLAGS_set=
ac_cv_env_LDFLAGS_value=
ac_cv_env_LIBS_set=
ac_cv_env_LIBS_value=
ac_cv_env_PKG_CONFIG_LIBDIR_set=
ac_cv_env_PKG_CONFIG_LIBDIR_value=
ac_cv_env_PKG_CONFIG_PATH_set=
ac_cv_env_PKG_CONFIG_PATH_value=
ac_cv_env_PKG_CONFIG_set=
ac_cv_env_PKG_CONFIG_value=
ac_cv_env_SOUND_EFFECTS_PLAYER_CFLAGS_set=
ac_cv_env_SOUND_EFFECTS_PLAYER_CFLAGS_value=
ac_cv_env_SOUND_EFFECTS_PLAYER_LIBS_set=
ac_cv_env_SOUND_EFFECTS_PLAYER_LIBS_value=
ac_cv_env_build_alias_set=
ac_cv_env_build_alias_value=
ac_cv_env_host_alias_set=
ac_cv_env_host_alias_value=
ac_cv_env_target_alias_set=
ac_cv_env_target_alias_value=
ac_cv_func_bind_textdomain_codeset=yes
ac_cv_func_dcgettext=yes
ac_cv_header_dlfcn_h=yes
ac_cv_header_inttypes_h=yes
ac_cv_header_libintl_h=yes
ac_cv_header_locale_h=yes
ac_cv_header_memory_h=yes
ac_cv_header_stdc=yes
ac_cv_header_stdint_h=yes
ac_cv_header_stdlib_h=yes
ac_cv_header_string_h=yes
ac_cv_header_strings_h=yes
ac_cv_header_sys_stat_h=yes
ac_cv_header_sys_types_h=yes
ac_cv_header_unistd_h=yes
ac_cv_host=x86_64-unknown-linux-gnu
ac_cv_lib_m_pow=yes
ac_cv_lib_xml2_xmlDocGetRootElement=yes
ac_cv_objext=o
ac_cv_path_EGREP='/bin/grep -E'
ac_cv_path_FGREP='/bin/grep -F'
ac_cv_path_GMSGFMT=/usr/bin/msgfmt
ac_cv_path_GREP=/bin/grep
ac_cv_path_INTLTOOL_EXTRACT=/usr/bin/intltool-extract
ac_cv_path_INTLTOOL_MERGE=/usr/bin/intltool-merge
ac_cv_path_INTLTOOL_PERL=/usr/bin/perl
ac_cv_path_INTLTOOL_UPDATE=/usr/bin/intltool-update
ac_cv_path_MSGFMT=/usr/bin/msgfmt
ac_cv_path_MSGMERGE=/usr/bin/msgmerge
ac_cv_path_SED=/bin/sed
ac_cv_path_XGETTEXT=/usr/bin/xgettext
ac_cv_path_ac_pt_PKG_CONFIG=/usr/bin/pkg-config
ac_cv_path_install='/usr/bin/install -c'
ac_cv_path_mkdir=/bin/mkdir
ac_cv_prog_AWK=gawk
ac_cv_prog_CPP='gcc -E'
ac_cv_prog_HAVE_PKGCONFIG=' '
ac_cv_prog_ac_ct_AR=ar
ac_cv_prog_ac_ct_CC=gcc
ac_cv_prog_ac_ct_MANIFEST_TOOL=mt
ac_cv_prog_ac_ct_OBJDUMP=objdump
ac_cv_prog_ac_ct_RANLIB=ranlib
ac_cv_prog_ac_ct_STRIP=strip
ac_cv_prog_cc_c89=
ac_cv_prog_cc_g=yes
ac_cv_prog_make_make_set=yes
am_cv_CC_dependencies_compiler_type=gcc3
am_cv_make_support_nested_variables=yes
am_cv_prog_cc_c_o=yes
am_cv_val_LC_MESSAGES=yes
gt_cv_func_dgettext_libc=yes
gt_cv_func_dgettext_libintl=no
gt_cv_func_ngettext_libc=yes
gt_cv_have_gettext=yes
lt_cv_ar_at_file=@
lt_cv_archive_cmds_need_lc=no
lt_cv_deplibs_check_method=pass_all
lt_cv_file_magic_cmd='$MAGIC_CMD'
lt_cv_file_magic_test_file=
lt_cv_ld_reload_flag=-r
lt_cv_nm_interface='BSD nm'
lt_cv_objdir=.libs
lt_cv_path_LD=/usr/bin/ld
lt_cv_path_NM='/usr/bin/nm -B'
lt_cv_path_mainfest_tool=no
lt_cv_prog_compiler_c_o=yes
lt_cv_prog_compiler_pic='-fPIC -DPIC'
lt_cv_prog_compiler_pic_works=yes
lt_cv_prog_compiler_rtti_exceptions=no
lt_cv_prog_compiler_static_works=yes
lt_cv_prog_gnu_ld=yes
lt_cv_sharedlib_from_linklib_cmd='printf %s\n'
lt_cv_shlibpath_overrides_runpath=no
lt_cv_sys_global_symbol_pipe='sed -n -e '\''s/^.*[	 ]\([ABCDGIRSTW][ABCDGIRSTW]*\)[	 ][	 ]*\([_A-Za-z][_A-Za-z0-9]*\)$/\1 \2 \2/p'\'' | sed '\''/ __gnu_lto/d'\'''
lt_cv_sys_global_symbol_to_c_name_address='sed -n -e '\''s/^: \([^ ]*\)[ ]*$/  {\"\1\", (void *) 0},/p'\'' -e '\''s/^[ABCDGIRSTW]* \([^ ]*\) \([^ ]*\)$/  {"\2", (void *) \&\2},/p'\'''
lt_cv_sys_global_symbol_to_c_name_address_lib_prefix='sed -n -e '\''s/^: \([^ ]*\)[ ]*$/  {\"\1\", (void *) 0},/p'\'' -e '\''s/^[ABCDGIRSTW]* \([^ ]*\) \(lib[^ ]*\)$/  {"\2", (void *) \&\2},/p'\'' -e '\''s/^[ABCDGIRSTW]* \([^ ]*\) \([^ ]*\)$/  {"lib\2", (void *) \&\2},/p'\'''
lt_cv_sys_global_symbol_to_cdecl='sed -n -e '\''s/^T .* \(.*\)$/extern int \1();/p'\'' -e '\''s/^[ABCDGIRSTW]* .* \(.*\)$/extern char \1;/p'\'''
lt_cv_sys_max_cmd_len=1572864
lt_cv_to_host_file_cmd=func_convert_file_noop
lt_cv_to_tool_file_cmd=func_convert_file_noop
pkg_cv_GST_CFLAGS='-pthread -I/usr/include/gstreamer-1.0 -I/usr/include/glib-2.0 -I/usr/lib/x86_64-linux-gnu/glib-2.0/include  '
pkg_cv_GST_LIBS='-lgstcontroller-1.0 -lgstaudio-1.0 -lgstbase-1.0 -lgstreamer-1.0 -lgobject-2.0 -lglib-2.0  '

## ----------------- ##
## Output variables. ##
## ----------------- ##

ACLOCAL='${SHELL} /home/mac/repositories/ShowControl/sound_effects_player/missing aclocal-1.14'
ALL_LINGUAS=''
AMDEPBACKSLASH='\'
AMDEP_FALSE='#'
AMDEP_TRUE=''
AMTAR='$${TAR-tar}'
AM_BACKSLASH='\'
AM_DEFAULT_V='$(AM_DEFAULT_VERBOSITY)'
AM_DEFAULT_VERBOSITY='0'
AM_V='$(V)'
AR='ar'
AUTOCONF='${SHELL} /home/mac/repositories/ShowControl/sound_effects_player/missing autoconf'
AUTOHEADER='${SHELL} /home/mac/repositories/ShowControl/sound_effects_player/missing autoheader'
AUTOMAKE='${SHELL} /home/mac/repositories/ShowControl/sound_effects_player/missing automake-1.14'
AWK='gawk'
CATALOGS=''
CATOBJEXT='.gmo'
CC='gcc'
CCDEPMODE='depmode=gcc3'
CFLAGS='-g -O2'
CPP='gcc -E'
CPPFLAGS=''
CYGPATH_W='echo'
DATADIRNAME='share'
DEFS=''
DEPDIR='.deps'
DLLTOOL='false'
DSYMUTIL=''
DUMPBIN=''
ECHO_C=''
ECHO_N='-n'
ECHO_T=''
EGREP='/bin/grep -E'
EXEEXT=''
FGREP='/bin/grep -F'
GETTEXT_PACKAGE='sound_effects_player'
GMOFILES=''
GMSGFMT='/usr/bin/msgfmt'
GREP='/bin/grep'
GST_CFLAGS='-pthread -I/usr/include/gstreamer-1.0 -I/usr/include/glib-2.0 -I/usr/lib/x86_64-linux-gnu/glib-2.0/include  '
GST_LIBS='-lgstcontroller-1.0 -lgstaudio-1.0 -lgstbase-1.0 -lgstreamer-1.0 -lgobject-2.0 -lglib-2.0  '
GST_PLUGIN_LDFLAGS=''
HAVE_PKGCONFIG=' '
INSTALL_DATA='${INSTALL} -m 644'
INSTALL_PROGRAM='${INSTALL}'
INSTALL_SCRIPT='${INSTALL}'
INSTALL_STRIP_PROGRAM='$(install_sh) -c -s'
INSTOBJEXT='.mo'
INTLLIBS=''
INTLTOOL_CAVES_RULE='%.caves:     %.caves.in     $(INTLTOOL_MERGE) $(wildcard $(top_srcdir)/po/*.po) ; $(INTLTOOL_V_MERGE)LC_ALL=C $(INTLTOOL_MERGE) $(INTLTOOL_V_MERGE_OPTIONS) -d -u -c $(top_builddir)/po/.intltool-merge-cache $(top_srcdir)/po $< $@'
INTLTOOL_DESKTOP_RULE='%.desktop:   %.desktop.in   $(INTLTOOL_MERGE) $(wildcard $(top_srcdir)/po/*.po) ; $(INTLTOOL_V_MERGE)LC_ALL=C $(INTLTOOL_MERGE) $(INTLTOOL_V_MERGE_OPTIONS) -d -u -c $(top_builddir)/po/.intltool-merge-cache $(top_srcdir)/po $< $@'
INTLTOOL_DIRECTORY_RULE='%.directory: %.directory.in $(INTLTOOL_MERGE) $(wildcard $(top_srcdir)/po/*.po) ; $(INTLTOOL_V_MERGE)LC_ALL=C $(INTLTOOL_MERGE) $(INTLTOOL_V_MERGE_OPTIONS) -d -u -c $(top_builddir)/po/.intltool-merge-cache $(top_srcdir)/po $< $@'
INTLTOOL_EXTRACT='/usr/bin/intltool-extract'
INTLTOOL_KBD_RULE='%.kbd:       %.kbd.in       $(INTLTOOL_MERGE) $(wildcard $(top_srcdir)/po/*.po) ; $(INTLTOOL_V_MERGE)LC_ALL=C $(INTLTOOL_MERGE) $(INTLTOOL_V_MERGE_OPTIONS) -x -u -m -c $(top_builddir)/po/.intltool-merge-cache $(top_srcdir)/po $< $@'
INTLTOOL_KEYS_RULE='%.keys:      %.keys.in      $(INTLTOOL_MERGE) $(wildcard $(top_srcdir)/po/*.po) ; $(INTLTOOL_V_MERGE)LC_ALL=C $(INTLTOOL_MERGE) $(INTLTOOL_V_MERGE_OPTIONS) -k -u -c $(top_builddir)/po/.intltool-merge-cache $(top_srcdir)/po $< $@'
INTLTOOL_MERGE='/usr/bin/intltool-merge'
INTLTOOL_OAF_RULE='%.oaf:       %.oaf.in       $(INTLTOOL_MERGE) $(wildcard $(top_srcdir)/po/*.po) ; $(INTLTOOL_V_MERGE)LC_ALL=C $(INTLTOOL_MERGE) $(INTLTOOL_V_MERGE_OPTIONS) -o -p $(top_srcdir)/po $< $@'
INTLTOOL_PERL='/usr/bin/perl'
INTLTOOL_POLICY_RULE='%.policy:    %.policy.in    $(INTLTOOL_MERGE) $(wildcard $(top_srcdir)/po/*.po) ; $(INTLTOOL_V_MERGE)LC_ALL=C $(INTLTOOL_MERGE) $(INTLTOOL_V_MERGE_OPTIONS) -x -u -c $(top_builddir)/po/.intltool-merge-cache $(top_srcdir)/po $< $@'
INTLTOOL_PONG_RULE='%.pong:      %.pong.in      $(INTLTOOL_MERGE) $(wildcard $(top_srcdir)/po/*.po) ; $(INTLTOOL_V_MERGE)LC_ALL=C $(INTLTOOL_MERGE) $(INTLTOOL_V_MERGE_OPTIONS) -x -u -c $(top_builddir)/po/.intltool-merge-cache $(top_srcdir)/po $< $@'
INTLTOOL_PROP_RULE='%.prop:      %.prop.in      $(INTLTOOL_MERGE) $(wildcard $(top_srcdir)/po/*.po) ; $(INTLTOOL_V_MERGE)LC_ALL=C $(INTLTOOL_MERGE) $(INTLTOOL_V_MERGE_OPTIONS) -d -u -c $(top_builddir)/po/.intltool-merge-cache $(top_srcdir)/po $< $@'
INTLTOOL_SCHEMAS_RULE='%.schemas:   %.schemas.in   $(INTLTOOL_MERGE) $(wildcard $(top_srcdir)/po/*.po) ; $(INTLTOOL_V_MERGE)LC_ALL=C $(INTLTOOL_MERGE) $(INTLTOOL_V_MERGE_OPTIONS) -s -u -c $(top_builddir)/po/.intltool-merge-cache $(top_srcdir)/po $< $@'
INTLTOOL_SERVER_RULE='%.server:    %.server.in    $(INTLTOOL_MERGE) $(wildcard $(top_srcdir)/po/*.po) ; $(INTLTOOL_V_MERGE)LC_ALL=C $(INTLTOOL_MERGE) $(INTLTOOL_V_MERGE_OPTIONS) -o -u -c $(top_builddir)/po/.intltool-merge-cache $(top_srcdir)/po $< $@'
INTLTOOL_SERVICE_RULE='%.service: %.service.in   $(INTLTOOL_MERGE) $(wildcard $(top_srcdir)/po/*.po) ; $(INTLTOOL_V_MERGE)LC_ALL=C $(INTLTOOL_MERGE) $(INTLTOOL_V_MERGE_OPTIONS) -d -u -c $(top_builddir)/po/.intltool-merge-cache $(top_srcdir)/po $< $@'
INTLTOOL_SHEET_RULE='%.sheet:     %.sheet.in     $(INTLTOOL_MERGE) $(wildcard $(top_srcdir)/po/*.po) ; $(INTLTOOL_V_MERGE)LC_ALL=C $(INTLTOOL_MERGE) $(INTLTOOL_V_MERGE_OPTIONS) -x -u -c $(top_builddir)/po/.intltool-merge-cache $(top_srcdir)/po $< $@'
INTLTOOL_SOUNDLIST_RULE='%.soundlist: %.soundlist.in $(INTLTOOL_MERGE) $(wildcard $(top_srcdir)/po/*.po) ; $(INTLTOOL_V_MERGE)LC_ALL=C $(INTLTOOL_MERGE) $(INTLTOOL_V_MERGE_OPTIONS) -d -u -c $(top_builddir)/po/.intltool-merge-cache $(top_srcdir)/po $< $@'
INTLTOOL_THEME_RULE='%.theme:     %.theme.in     $(INTLTOOL_MERGE) $(wildcard $(top_srcdir)/po/*.po) ; $(INTLTOOL_V_MERGE)LC_ALL=C $(INTLTOOL_MERGE) $(INTLTOOL_V_MERGE_OPTIONS) -d -u -c $(top_builddir)/po/.intltool-merge-cache $(top_srcdir)/po $< $@'
INTLTOOL_UI_RULE='%.ui:        %.ui.in        $(INTLTOOL_MERGE) $(wildcard $(top_srcdir)/po/*.po) ; $(INTLTOOL_V_MERGE)LC_ALL=C $(INTLTOOL_MERGE) $(INTLTOOL_V_MERGE_OPTIONS) -x -u -c $(top_builddir)/po/.intltool-merge-cache $(top_srcdir)/po $< $@'
INTLTOOL_UPDATE='/usr/bin/intltool-update'
INTLTOOL_V_MERGE='$(INTLTOOL__v_MERGE_$(V))'
INTLTOOL_V_MERGE_OPTIONS='$(intltool__v_merge_options_$(V))'
INTLTOOL_XAM_RULE='%.xam:       %.xml.in       $(INTLTOOL_MERGE) $(wildcard $(top_srcdir)/po/*.po) ; $(INTLTOOL_V_MERGE)LC_ALL=C $(INTLTOOL_MERGE) $(INTLTOOL_V_MERGE_OPTIONS) -x -u -c $(top_builddir)/po/.intltool-merge-cache $(top_srcdir)/po $< $@'
INTLTOOL_XML_NOMERGE_RULE='%.xml:       %.xml.in       $(INTLTOOL_MERGE) ; $(INTLTOOL_V_MERGE)LC_ALL=C $(INTLTOOL_MERGE) $(INTLTOOL_V_MERGE_OPTIONS) -x -u --no-translations $< $@'
INTLTOOL_XML_RULE='%.xml:       %.xml.in       $(INTLTOOL_MERGE) $(wildcard $(top_srcdir)/po/*.po) ; $(INTLTOOL_V_MERGE)LC_ALL=C $(INTLTOOL_MERGE) $(INTLTOOL_V_MERGE_OPTIONS) -x -u -c $(top_builddir)/po/.intltool-merge-cache $(top_srcdir)/po $< $@'
INTLTOOL__v_MERGE_0='@echo "  ITMRG " $@;'
INTLTOOL__v_MERGE_='$(INTLTOOL__v_MERGE_$(AM_DEFAULT_VERBOSITY))'
LD='/usr/bin/ld -m elf_x86_64'
LDFLAGS=''
LIBOBJS=''
LIBS='-lxml2 -lm '
LIBTOOL='$(SHELL) $(top_builddir)/libtool'
LIPO=''
LN_S='ln -s'
LTLIBOBJS=''
MAINT=''
MAINTAINER_MODE_FALSE='#'
MAINTAINER_MODE_TRUE=''
MAKEINFO='${SHELL} /home/mac/repositories/ShowControl/sound_effects_player/missing makeinfo'
MANIFEST_TOOL=':'
MKDIR_P='/bin/mkdir -p'
MKINSTALLDIRS='./mkinstalldirs'
MSGFMT='/usr/bin/msgfmt'
MSGFMT_OPTS='-c'
MSGMERGE='/usr/bin/msgmerge'
NM='/usr/bin/nm -B'
NMEDIT=''
OBJDUMP='objdump'
OBJEXT='o'
OTOOL64=''
OTOOL=''
PACKAGE='sound_effects_player'
PACKAGE_BUGREPORT='John_Sauter@systemeyescomputerstore.com'
PACKAGE_NAME='sound_effects_player'
PACKAGE_STRING='sound_effects_player 0.43'
PACKAGE_TARNAME='sound_effects_player'
PACKAGE_URL=''
PACKAGE_VERSION='0.43'
PATH_SEPARATOR=':'
PKG_CONFIG='/usr/bin/pkg-config'
PKG_CONFIG_LIBDIR=''
PKG_CONFIG_PATH=''
POFILES=''
POSUB='po'
PO_IN_DATADIR_FALSE=''
PO_IN_DATADIR_TRUE=''
RANLIB='ranlib'
SED='/bin/sed'
SET_MAKE=''
SHELL='/bin/bash'
SOUND_EFFECTS_PLAYER_CFLAGS=''
SOUND_EFFECTS_PLAYER_LIBS=''
STRIP='strip'
USE_NLS='yes'
VERSION='0.43'
XGETTEXT='/usr/bin/xgettext'
ac_ct_AR='ar'
ac_ct_CC='gcc'
ac_ct_DUMPBIN=''
am__EXEEXT_FALSE=''
am__EXEEXT_TRUE=''
am__fastdepCC_FALSE='#'
am__fastdepCC_TRUE=''
am__include='include'
am__isrc=''
am__leading_dot='.'
am__nodep='_no'
am__quote=''
am__tar='$${TAR-tar} chof - "$$tardir"'
am__untar='$${TAR-tar} xf -'
bindir='${exec_prefix}/bin'
build='x86_64-unknown-linux-gnu'
build_alias=''
build_cpu='x86_64'
build_os='linux-gnu'
build_vendor='unknown'
datadir='${datarootdir}'
datarootdir='${prefix}/share'
docdir='${datarootdir}/doc/${PACKAGE_TARNAME}'
dvidir='${docdir}'
exec_prefix='NONE'
host='x86_64-unknown-linux-gnu'
host_alias=''
host_cpu='x86_64'
host_os='linux-gnu'
host_vendor='unknown'
htmldir='${docdir}'
includedir='${prefix}/include'
infodir='${datarootdir}/info'
install_sh='${SHELL} /home/mac/repositories/ShowControl/sound_effects_player/install-sh'
intltool__v_merge_options_0='-q'
intltool__v_merge_options_='$(intltool__v_merge_options_$(AM_DEFAULT_VERBOSITY))'
libdir='${exec_prefix}/lib'
libexecdir='${exec_prefix}/libexec'
localedir='${datarootdir}/locale'
localstatedir='${prefix}/var'
mandir='${datarootdir}/man'
mkdir_p='$(MKDIR_P)'
oldincludedir='/usr/include'
pdfdir='${docdir}'
plugindir=''
prefix='NONE'
program_transform_name='s,x,x,'
psdir='${docdir}'
sbindir='${exec_prefix}/sbin'
sharedstatedir='${prefix}/com'
sysconfdir='${prefix}/etc'
target_alias=''

## ----------- ##
## confdefs.h. ##
## ----------- ##

/* confdefs.h */
#define PACKAGE_NAME "sound_effects_player"
#define PACKAGE_TARNAME "sound_effects_player"
#define PACKAGE_VERSION "0.43"
#define PACKAGE_STRING "sound_effects_player 0.43"
#define PACKAGE_BUGREPORT "John_Sauter@systemeyescomputerstore.com"
#define PACKAGE_URL ""
#define PACKAGE "sound_effects_player"
#define VERSION "0.43"
#define HAVE_LIBM 1
#define HAVE_LIBXML2 1
#define GETTEXT_PACKAGE "sound_effects_player"
#define STDC_HEADERS 1
#define HAVE_SYS_TYPES_H 1
#define HAVE_SYS_STAT_H 1
#define HAVE_STDLIB_H 1
#define HAVE_STRING_H 1
#define HAVE_MEMORY_H 1
#define HAVE_STRINGS_H 1
#define HAVE_INTTYPES_H 1
#define HAVE_STDINT_H 1
#define HAVE_UNISTD_H 1
#define HAVE_LOCALE_H 1
#define HAVE_LC_MESSAGES 1
#define HAVE_BIND_TEXTDOMAIN_CODESET 1
#define HAVE_GETTEXT 1
#define HAVE_DCGETTEXT 1
#define ENABLE_NLS 1
#define HAVE_DLFCN_H 1
#define LT_OBJDIR ".libs/"

configure: exit 1
