This file contains any messages produced by compilers while
running configure, to aid debugging if configure makes a mistake.

It was created by play_sound configure 0.10, which was
generated by GNU Autoconf 2.69.  Invocation command line was

  $ /home/jsauter/Projects/Theatre/show_control/sound_effects_player/gstreamer_projects/play_sound/configure --enable-maintainer-mode CFLAGS=-g -O0 CXXFLAGS=-g -O0 JFLAGS=-g -O0 FFLAGS=-g -O0 --no-create --no-recursion

## --------- ##
## Platform. ##
## --------- ##

hostname = sauterserver.sauterhome
uname -m = x86_64
uname -r = 3.17.7-300.fc21.x86_64
uname -s = Linux
uname -v = #1 SMP Wed Dec 17 03:08:44 UTC 2014

/usr/bin/uname -p = x86_64
/bin/uname -X     = unknown

/bin/arch              = x86_64
/usr/bin/arch -k       = unknown
/usr/convex/getsysinfo = unknown
/usr/bin/hostinfo      = unknown
/bin/machine           = unknown
/usr/bin/oslevel       = unknown
/bin/universe          = unknown

PATH: /usr/local/bin
PATH: /usr/local/sbin
PATH: /usr/bin
PATH: /usr/sbin
PATH: /bin
PATH: /sbin
PATH: /home/jsauter/.local/bin
PATH: /home/jsauter/bin


## ----------- ##
## Core tests. ##
## ----------- ##

configure:2320: checking for a BSD-compatible install
configure:2388: result: /usr/bin/install -c
configure:2399: checking whether build environment is sane
configure:2454: result: yes
configure:2605: checking for a thread-safe mkdir -p
configure:2644: result: /usr/bin/mkdir -p
configure:2651: checking for gawk
configure:2667: found /usr/bin/gawk
configure:2678: result: gawk
configure:2689: checking whether make sets $(MAKE)
configure:2711: result: yes
configure:2740: checking whether make supports nested variables
configure:2757: result: yes
configure:2893: checking whether make supports nested variables
configure:2910: result: yes
configure:2969: checking for gcc
configure:2985: found /usr/bin/gcc
configure:2996: result: gcc
configure:3225: checking for C compiler version
configure:3234: gcc --version >&5
gcc (GCC) 4.9.2 20141101 (Red Hat 4.9.2-1)
Copyright (C) 2014 Free Software Foundation, Inc.
This is free software; see the source for copying conditions.  There is NO
warranty; not even for MERCHANTABILITY or FITNESS FOR A PARTICULAR PURPOSE.

configure:3245: $? = 0
configure:3234: gcc -v >&5
Using built-in specs.
COLLECT_GCC=gcc
COLLECT_LTO_WRAPPER=/usr/libexec/gcc/x86_64-redhat-linux/4.9.2/lto-wrapper
Target: x86_64-redhat-linux
Configured with: ../configure --prefix=/usr --mandir=/usr/share/man --infodir=/usr/share/info --with-bugurl=http://bugzilla.redhat.com/bugzilla --enable-bootstrap --enable-shared --enable-threads=posix --enable-checking=release --enable-multilib --with-system-zlib --enable-__cxa_atexit --disable-libunwind-exceptions --enable-gnu-unique-object --enable-linker-build-id --with-linker-hash-style=gnu --enable-languages=c,c++,objc,obj-c++,fortran,ada,go,lto --enable-plugin --enable-initfini-array --disable-libgcj --with-isl=/builddir/build/BUILD/gcc-4.9.2-20141101/obj-x86_64-redhat-linux/isl-install --with-cloog=/builddir/build/BUILD/gcc-4.9.2-20141101/obj-x86_64-redhat-linux/cloog-install --enable-gnu-indirect-function --with-tune=generic --with-arch_32=i686 --build=x86_64-redhat-linux
Thread model: posix
gcc version 4.9.2 20141101 (Red Hat 4.9.2-1) (GCC) 
configure:3245: $? = 0
configure:3234: gcc -V >&5
gcc: error: unrecognized command line option '-V'
gcc: fatal error: no input files
compilation terminated.
configure:3245: $? = 4
configure:3234: gcc -qversion >&5
gcc: error: unrecognized command line option '-qversion'
gcc: fatal error: no input files
compilation terminated.
configure:3245: $? = 4
configure:3265: checking whether the C compiler works
configure:3287: gcc -g -O0   conftest.c  >&5
configure:3291: $? = 0
configure:3339: result: yes
configure:3342: checking for C compiler default output file name
configure:3344: result: a.out
configure:3350: checking for suffix of executables
configure:3357: gcc -o conftest -g -O0   conftest.c  >&5
configure:3361: $? = 0
configure:3383: result: 
configure:3405: checking whether we are cross compiling
configure:3413: gcc -o conftest -g -O0   conftest.c  >&5
configure:3417: $? = 0
configure:3424: ./conftest
configure:3428: $? = 0
configure:3443: result: no
configure:3448: checking for suffix of object files
configure:3470: gcc -c -g -O0  conftest.c >&5
configure:3474: $? = 0
configure:3495: result: o
configure:3499: checking whether we are using the GNU C compiler
configure:3518: gcc -c -g -O0  conftest.c >&5
configure:3518: $? = 0
configure:3527: result: yes
configure:3536: checking whether gcc accepts -g
configure:3556: gcc -c -g  conftest.c >&5
configure:3556: $? = 0
configure:3597: result: yes
configure:3614: checking for gcc option to accept ISO C89
configure:3677: gcc  -c -g -O0  conftest.c >&5
configure:3677: $? = 0
configure:3690: result: none needed
configure:3715: checking whether gcc understands -c and -o together
configure:3737: gcc -c conftest.c -o conftest2.o
configure:3740: $? = 0
configure:3737: gcc -c conftest.c -o conftest2.o
configure:3740: $? = 0
configure:3752: result: yes
configure:3780: checking for style of include used by make
configure:3808: result: GNU
configure:3834: checking dependency style of gcc
configure:3945: result: gcc3
configure:3961: checking for pow in -lm
configure:3986: gcc -o conftest -g -O0   conftest.c -lm   >&5
conftest.c:18:6: warning: conflicting types for built-in function 'pow'
 char pow ();
      ^
configure:3986: $? = 0
configure:3995: result: yes
configure:4008: checking whether NLS is requested
configure:4017: result: yes
configure:4035: checking for intltool >= 0.35.0
configure:4037: result: 0.50.2 found
configure:4045: checking for intltool-update
configure:4063: found /usr/bin/intltool-update
configure:4075: result: /usr/bin/intltool-update
configure:4085: checking for intltool-merge
configure:4103: found /usr/bin/intltool-merge
configure:4115: result: /usr/bin/intltool-merge
configure:4125: checking for intltool-extract
configure:4143: found /usr/bin/intltool-extract
configure:4155: result: /usr/bin/intltool-extract
configure:4309: checking for xgettext
configure:4327: found /usr/bin/xgettext
configure:4339: result: /usr/bin/xgettext
configure:4349: checking for msgmerge
configure:4367: found /usr/bin/msgmerge
configure:4379: result: /usr/bin/msgmerge
configure:4389: checking for msgfmt
configure:4407: found /usr/bin/msgfmt
configure:4419: result: /usr/bin/msgfmt
configure:4429: checking for gmsgfmt
configure:4460: result: /usr/bin/msgfmt
configure:4480: checking for perl
configure:4498: found /usr/bin/perl
configure:4510: result: /usr/bin/perl
configure:4521: checking for perl >= 5.8.1
configure:4528: result: 5.18.4
configure:4532: checking for XML::Parser
configure:4535: result: ok
configure:4560: gcc -o conftest -g -O0   conftest.c -lm  >&5
configure:4560: $? = 0
configure:4600: checking how to run the C preprocessor
configure:4631: gcc -E  conftest.c
configure:4631: $? = 0
configure:4645: gcc -E  conftest.c
conftest.c:13:28: fatal error: ac_nonexistent.h: No such file or directory
 #include <ac_nonexistent.h>
                            ^
compilation terminated.
configure:4645: $? = 1
configure: failed program was:
| /* confdefs.h */
| #define PACKAGE_NAME "play_sound"
| #define PACKAGE_TARNAME "play_sound"
| #define PACKAGE_VERSION "0.10"
| #define PACKAGE_STRING "play_sound 0.10"
| #define PACKAGE_BUGREPORT "John_Sauter@systemeyescomputerstore.com"
| #define PACKAGE_URL ""
| #define PACKAGE "play_sound"
| #define VERSION "0.10"
| #define HAVE_LIBM 1
| #define GETTEXT_PACKAGE "play_sound"
| /* end confdefs.h.  */
| #include <ac_nonexistent.h>
configure:4670: result: gcc -E
configure:4690: gcc -E  conftest.c
configure:4690: $? = 0
configure:4704: gcc -E  conftest.c
conftest.c:13:28: fatal error: ac_nonexistent.h: No such file or directory
 #include <ac_nonexistent.h>
                            ^
compilation terminated.
configure:4704: $? = 1
configure: failed program was:
| /* confdefs.h */
| #define PACKAGE_NAME "play_sound"
| #define PACKAGE_TARNAME "play_sound"
| #define PACKAGE_VERSION "0.10"
| #define PACKAGE_STRING "play_sound 0.10"
| #define PACKAGE_BUGREPORT "John_Sauter@systemeyescomputerstore.com"
| #define PACKAGE_URL ""
| #define PACKAGE "play_sound"
| #define VERSION "0.10"
| #define HAVE_LIBM 1
| #define GETTEXT_PACKAGE "play_sound"
| /* end confdefs.h.  */
| #include <ac_nonexistent.h>
configure:4733: checking for grep that handles long lines and -e
configure:4791: result: /usr/bin/grep
configure:4796: checking for egrep
configure:4858: result: /usr/bin/grep -E
configure:4863: checking for ANSI C header files
configure:4883: gcc -c -g -O0  conftest.c >&5
configure:4883: $? = 0
configure:4956: gcc -o conftest -g -O0   conftest.c -lm  >&5
configure:4956: $? = 0
configure:4956: ./conftest
configure:4956: $? = 0
configure:4967: result: yes
configure:4980: checking for sys/types.h
configure:4980: gcc -c -g -O0  conftest.c >&5
configure:4980: $? = 0
configure:4980: result: yes
configure:4980: checking for sys/stat.h
configure:4980: gcc -c -g -O0  conftest.c >&5
configure:4980: $? = 0
configure:4980: result: yes
configure:4980: checking for stdlib.h
configure:4980: gcc -c -g -O0  conftest.c >&5
configure:4980: $? = 0
configure:4980: result: yes
configure:4980: checking for string.h
configure:4980: gcc -c -g -O0  conftest.c >&5
configure:4980: $? = 0
configure:4980: result: yes
configure:4980: checking for memory.h
configure:4980: gcc -c -g -O0  conftest.c >&5
configure:4980: $? = 0
configure:4980: result: yes
configure:4980: checking for strings.h
configure:4980: gcc -c -g -O0  conftest.c >&5
configure:4980: $? = 0
configure:4980: result: yes
configure:4980: checking for inttypes.h
configure:4980: gcc -c -g -O0  conftest.c >&5
configure:4980: $? = 0
configure:4980: result: yes
configure:4980: checking for stdint.h
configure:4980: gcc -c -g -O0  conftest.c >&5
configure:4980: $? = 0
configure:4980: result: yes
configure:4980: checking for unistd.h
configure:4980: gcc -c -g -O0  conftest.c >&5
configure:4980: $? = 0
configure:4980: result: yes
configure:4995: checking locale.h usability
configure:4995: gcc -c -g -O0  conftest.c >&5
configure:4995: $? = 0
configure:4995: result: yes
configure:4995: checking locale.h presence
configure:4995: gcc -E  conftest.c
configure:4995: $? = 0
configure:4995: result: yes
configure:4995: checking for locale.h
configure:4995: result: yes
configure:5006: checking for LC_MESSAGES
configure:5022: gcc -o conftest -g -O0   conftest.c -lm  >&5
configure:5022: $? = 0
configure:5030: result: yes
configure:5047: checking libintl.h usability
configure:5047: gcc -c -g -O0  conftest.c >&5
configure:5047: $? = 0
configure:5047: result: yes
configure:5047: checking libintl.h presence
configure:5047: gcc -E  conftest.c
configure:5047: $? = 0
configure:5047: result: yes
configure:5047: checking for libintl.h
configure:5047: result: yes
configure:5055: checking for ngettext in libc
configure:5073: gcc -o conftest -g -O0   conftest.c -lm  >&5
configure:5073: $? = 0
configure:5082: result: yes
configure:5086: checking for dgettext in libc
configure:5104: gcc -o conftest -g -O0   conftest.c -lm  >&5
configure:5104: $? = 0
configure:5113: result: yes
configure:5120: checking for bind_textdomain_codeset
configure:5120: gcc -o conftest -g -O0   conftest.c -lm  >&5
configure:5120: $? = 0
configure:5120: result: yes
configure:5396: checking for msgfmt
configure:5423: result: /usr/bin/msgfmt
configure:5434: checking for dcgettext
configure:5434: gcc -o conftest -g -O0   conftest.c -lm   >&5
conftest.c:50:6: warning: conflicting types for built-in function 'dcgettext'
 char dcgettext ();
      ^
configure:5434: $? = 0
configure:5434: result: yes
configure:5444: checking if msgfmt accepts -c
configure:5459: $MSGFMT -c -o /dev/null conftest.foo
conftest.foo:3: warning: header field 'Language' missing in header
configure:5462: $? = 0
configure:5464: result: yes
configure:5474: checking for gmsgfmt
configure:5505: result: /usr/bin/msgfmt
configure:5515: checking for xgettext
configure:5542: result: /usr/bin/xgettext
configure:5561: gcc -o conftest -g -O0   conftest.c -lm   >&5
configure:5561: $? = 0
configure:5734: checking build system type
configure:5748: result: x86_64-unknown-linux-gnu
configure:5768: checking host system type
configure:5781: result: x86_64-unknown-linux-gnu
configure:5822: checking how to print strings
configure:5849: result: printf
configure:5870: checking for a sed that does not truncate output
configure:5934: result: /usr/bin/sed
configure:5952: checking for fgrep
configure:6014: result: /usr/bin/grep -F
configure:6049: checking for ld used by gcc
configure:6116: result: /usr/bin/ld
configure:6123: checking if the linker (/usr/bin/ld) is GNU ld
configure:6138: result: yes
configure:6150: checking for BSD- or MS-compatible name lister (nm)
configure:6199: result: /usr/bin/nm -B
configure:6329: checking the name lister (/usr/bin/nm -B) interface
configure:6336: gcc -c -g -O0  conftest.c >&5
configure:6339: /usr/bin/nm -B "conftest.o"
configure:6342: output
0000000000000000 B some_variable
configure:6349: result: BSD nm
configure:6352: checking whether ln -s works
configure:6356: result: yes
configure:6364: checking the maximum length of command line arguments
configure:6494: result: 1572864
configure:6511: checking whether the shell understands some XSI constructs
configure:6521: result: yes
configure:6525: checking whether the shell understands "+="
configure:6531: result: yes
configure:6566: checking how to convert x86_64-unknown-linux-gnu file names to x86_64-unknown-linux-gnu format
configure:6606: result: func_convert_file_noop
configure:6613: checking how to convert x86_64-unknown-linux-gnu file names to toolchain format
configure:6633: result: func_convert_file_noop
configure:6640: checking for /usr/bin/ld option to reload object files
configure:6647: result: -r
configure:6721: checking for objdump
configure:6737: found /usr/bin/objdump
configure:6748: result: objdump
configure:6780: checking how to recognize dependent libraries
configure:6982: result: pass_all
configure:7067: checking for dlltool
configure:7097: result: no
configure:7127: checking how to associate runtime and link libraries
configure:7154: result: printf %s\n
configure:7214: checking for ar
configure:7230: found /usr/bin/ar
configure:7241: result: ar
configure:7278: checking for archiver @FILE support
configure:7295: gcc -c -g -O0  conftest.c >&5
configure:7295: $? = 0
configure:7298: ar cru libconftest.a @conftest.lst >&5
configure:7301: $? = 0
configure:7306: ar cru libconftest.a @conftest.lst >&5
ar: conftest.o: No such file or directory
configure:7309: $? = 1
configure:7321: result: @
configure:7379: checking for strip
configure:7395: found /usr/bin/strip
configure:7406: result: strip
configure:7478: checking for ranlib
configure:7494: found /usr/bin/ranlib
configure:7505: result: ranlib
configure:7607: checking command to parse /usr/bin/nm -B output from gcc object
configure:7727: gcc -c -g -O0  conftest.c >&5
configure:7730: $? = 0
configure:7734: /usr/bin/nm -B conftest.o \| sed -n -e 's/^.*[ ]\([ABCDGIRSTW][ABCDGIRSTW]*\)[ ][ ]*\([_A-Za-z][_A-Za-z0-9]*\)$/\1 \2 \2/p' | sed '/ __gnu_lto/d' \> conftest.nm
configure:7737: $? = 0
configure:7803: gcc -o conftest -g -O0   conftest.c conftstm.o >&5
configure:7806: $? = 0
configure:7844: result: ok
configure:7881: checking for sysroot
configure:7911: result: no
configure:7988: gcc -c -g -O0  conftest.c >&5
configure:7991: $? = 0
configure:8173: checking for mt
configure:8203: result: no
configure:8223: checking if : is a manifest tool
configure:8229: : '-?'
configure:8237: result: no
configure:8876: checking for dlfcn.h
configure:8876: gcc -c -g -O0  conftest.c >&5
configure:8876: $? = 0
configure:8876: result: yes
configure:9082: checking for objdir
configure:9097: result: .libs
configure:9364: checking if gcc supports -fno-rtti -fno-exceptions
configure:9382: gcc -c -g -O0  -fno-rtti -fno-exceptions conftest.c >&5
cc1: warning: command line option '-fno-rtti' is valid for C++/ObjC++ but not for C
configure:9386: $? = 0
configure:9399: result: no
configure:9726: checking for gcc option to produce PIC
configure:9733: result: -fPIC -DPIC
configure:9741: checking if gcc PIC flag -fPIC -DPIC works
configure:9759: gcc -c -g -O0  -fPIC -DPIC -DPIC conftest.c >&5
configure:9763: $? = 0
configure:9776: result: yes
configure:9805: checking if gcc static flag -static works
configure:9833: result: no
configure:9848: checking if gcc supports -c -o file.o
configure:9869: gcc -c -g -O0  -o out/conftest2.o conftest.c >&5
configure:9873: $? = 0
configure:9895: result: yes
configure:9903: checking if gcc supports -c -o file.o
configure:9950: result: yes
configure:9983: checking whether the gcc linker (/usr/bin/ld -m elf_x86_64) supports shared libraries
configure:11136: result: yes
configure:11173: checking whether -lc should be explicitly linked in
configure:11181: gcc -c -g -O0  conftest.c >&5
configure:11184: $? = 0
configure:11199: gcc -shared  -fPIC -DPIC conftest.o  -v -Wl,-soname -Wl,conftest -o conftest 2\>\&1 \| /usr/bin/grep  -lc  \>/dev/null 2\>\&1
configure:11202: $? = 0
configure:11216: result: no
configure:11376: checking dynamic linker characteristics
configure:11887: gcc -o conftest -g -O0   -Wl,-rpath -Wl,/foo conftest.c -lm  >&5
configure:11887: $? = 0
configure:12113: result: GNU/Linux ld.so
configure:12220: checking how to hardcode library paths into programs
configure:12245: result: immediate
configure:12785: checking whether stripping libraries is possible
configure:12790: result: yes
configure:12825: checking if libtool supports shared libraries
configure:12827: result: yes
configure:12830: checking whether to build shared libraries
configure:12851: result: yes
configure:12854: checking whether to build static libraries
configure:12858: result: yes
configure:12951: checking for pkg-config
configure:12969: found /usr/bin/pkg-config
configure:12981: result: /usr/bin/pkg-config
configure:13006: checking pkg-config is at least version 0.9.0
configure:13009: result: yes
configure:13019: checking for PLAY_SOUND
configure:13026: $PKG_CONFIG --exists --print-errors "gtk+-3.0 >= 2.90.3 gstreamer-1.0 gtk+-3.0 gstreamer-allocators-1.0 gstreamer-plugins-base-1.0 gstreamer-base-1.0 gstreamer-app-1.0 gstreamer-controller-1.0 gstreamer-audio-1.0"
configure:13029: $? = 0
configure:13043: $PKG_CONFIG --exists --print-errors "gtk+-3.0 >= 2.90.3 gstreamer-1.0 gtk+-3.0 gstreamer-allocators-1.0 gstreamer-plugins-base-1.0 gstreamer-base-1.0 gstreamer-app-1.0 gstreamer-controller-1.0 gstreamer-audio-1.0"
configure:13046: $? = 0
configure:13104: result: yes
configure:13223: checking that generated files are newer than configure
configure:13229: result: done
configure:13256: creating ./config.status
configure:15504: WARNING: unrecognized options: --enable-maintainer-mode

## ---------------- ##
## Cache variables. ##
## ---------------- ##

ac_cv_build=x86_64-unknown-linux-gnu
ac_cv_c_compiler_gnu=yes
ac_cv_env_CC_set=
ac_cv_env_CC_value=
ac_cv_env_CFLAGS_set=set
ac_cv_env_CFLAGS_value='-g -O0'
ac_cv_env_CPPFLAGS_set=
ac_cv_env_CPPFLAGS_value=
ac_cv_env_CPP_set=
ac_cv_env_CPP_value=
ac_cv_env_LDFLAGS_set=
ac_cv_env_LDFLAGS_value=
ac_cv_env_LIBS_set=
ac_cv_env_LIBS_value=
ac_cv_env_PKG_CONFIG_LIBDIR_set=
ac_cv_env_PKG_CONFIG_LIBDIR_value=
ac_cv_env_PKG_CONFIG_PATH_set=
ac_cv_env_PKG_CONFIG_PATH_value=
ac_cv_env_PKG_CONFIG_set=
ac_cv_env_PKG_CONFIG_value=
ac_cv_env_PLAY_SOUND_CFLAGS_set=
ac_cv_env_PLAY_SOUND_CFLAGS_value=
ac_cv_env_PLAY_SOUND_LIBS_set=
ac_cv_env_PLAY_SOUND_LIBS_value=
ac_cv_env_build_alias_set=
ac_cv_env_build_alias_value=
ac_cv_env_host_alias_set=
ac_cv_env_host_alias_value=
ac_cv_env_target_alias_set=
ac_cv_env_target_alias_value=
ac_cv_func_bind_textdomain_codeset=yes
ac_cv_func_dcgettext=yes
ac_cv_header_dlfcn_h=yes
ac_cv_header_inttypes_h=yes
ac_cv_header_libintl_h=yes
ac_cv_header_locale_h=yes
ac_cv_header_memory_h=yes
ac_cv_header_stdc=yes
ac_cv_header_stdint_h=yes
ac_cv_header_stdlib_h=yes
ac_cv_header_string_h=yes
ac_cv_header_strings_h=yes
ac_cv_header_sys_stat_h=yes
ac_cv_header_sys_types_h=yes
ac_cv_header_unistd_h=yes
ac_cv_host=x86_64-unknown-linux-gnu
ac_cv_lib_m_pow=yes
ac_cv_objext=o
ac_cv_path_EGREP='/usr/bin/grep -E'
ac_cv_path_FGREP='/usr/bin/grep -F'
ac_cv_path_GMSGFMT=/usr/bin/msgfmt
ac_cv_path_GREP=/usr/bin/grep
ac_cv_path_INTLTOOL_EXTRACT=/usr/bin/intltool-extract
ac_cv_path_INTLTOOL_MERGE=/usr/bin/intltool-merge
ac_cv_path_INTLTOOL_PERL=/usr/bin/perl
ac_cv_path_INTLTOOL_UPDATE=/usr/bin/intltool-update
ac_cv_path_MSGFMT=/usr/bin/msgfmt
ac_cv_path_MSGMERGE=/usr/bin/msgmerge
ac_cv_path_SED=/usr/bin/sed
ac_cv_path_XGETTEXT=/usr/bin/xgettext
ac_cv_path_ac_pt_PKG_CONFIG=/usr/bin/pkg-config
ac_cv_path_install='/usr/bin/install -c'
ac_cv_path_mkdir=/usr/bin/mkdir
ac_cv_prog_AWK=gawk
ac_cv_prog_CPP='gcc -E'
ac_cv_prog_ac_ct_AR=ar
ac_cv_prog_ac_ct_CC=gcc
ac_cv_prog_ac_ct_OBJDUMP=objdump
ac_cv_prog_ac_ct_RANLIB=ranlib
ac_cv_prog_ac_ct_STRIP=strip
ac_cv_prog_cc_c89=
ac_cv_prog_cc_g=yes
ac_cv_prog_make_make_set=yes
am_cv_CC_dependencies_compiler_type=gcc3
am_cv_make_support_nested_variables=yes
am_cv_prog_cc_c_o=yes
am_cv_val_LC_MESSAGES=yes
gt_cv_func_dgettext_libc=yes
gt_cv_func_dgettext_libintl=no
gt_cv_func_ngettext_libc=yes
gt_cv_have_gettext=yes
lt_cv_ar_at_file=@
lt_cv_archive_cmds_need_lc=no
lt_cv_deplibs_check_method=pass_all
lt_cv_file_magic_cmd='$MAGIC_CMD'
lt_cv_file_magic_test_file=
lt_cv_ld_reload_flag=-r
lt_cv_nm_interface='BSD nm'
lt_cv_objdir=.libs
lt_cv_path_LD=/usr/bin/ld
lt_cv_path_NM='/usr/bin/nm -B'
lt_cv_path_mainfest_tool=no
lt_cv_prog_compiler_c_o=yes
lt_cv_prog_compiler_pic='-fPIC -DPIC'
lt_cv_prog_compiler_pic_works=yes
lt_cv_prog_compiler_rtti_exceptions=no
lt_cv_prog_compiler_static_works=no
lt_cv_prog_gnu_ld=yes
lt_cv_sharedlib_from_linklib_cmd='printf %s\n'
lt_cv_shlibpath_overrides_runpath=no
lt_cv_sys_global_symbol_pipe='sed -n -e '\''s/^.*[	 ]\([ABCDGIRSTW][ABCDGIRSTW]*\)[	 ][	 ]*\([_A-Za-z][_A-Za-z0-9]*\)$/\1 \2 \2/p'\'' | sed '\''/ __gnu_lto/d'\'''
lt_cv_sys_global_symbol_to_c_name_address='sed -n -e '\''s/^: \([^ ]*\)[ ]*$/  {\"\1\", (void *) 0},/p'\'' -e '\''s/^[ABCDGIRSTW]* \([^ ]*\) \([^ ]*\)$/  {"\2", (void *) \&\2},/p'\'''
lt_cv_sys_global_symbol_to_c_name_address_lib_prefix='sed -n -e '\''s/^: \([^ ]*\)[ ]*$/  {\"\1\", (void *) 0},/p'\'' -e '\''s/^[ABCDGIRSTW]* \([^ ]*\) \(lib[^ ]*\)$/  {"\2", (void *) \&\2},/p'\'' -e '\''s/^[ABCDGIRSTW]* \([^ ]*\) \([^ ]*\)$/  {"lib\2", (void *) \&\2},/p'\'''
lt_cv_sys_global_symbol_to_cdecl='sed -n -e '\''s/^T .* \(.*\)$/extern int \1();/p'\'' -e '\''s/^[ABCDGIRSTW]* .* \(.*\)$/extern char \1;/p'\'''
lt_cv_sys_max_cmd_len=1572864
lt_cv_to_host_file_cmd=func_convert_file_noop
lt_cv_to_tool_file_cmd=func_convert_file_noop
pkg_cv_PLAY_SOUND_CFLAGS='-pthread -I/usr/include/gtk-3.0 -I/usr/include/at-spi2-atk/2.0 -I/usr/include/at-spi-2.0 -I/usr/include/dbus-1.0 -I/usr/lib64/dbus-1.0/include -I/usr/include/gtk-3.0 -I/usr/include/gio-unix-2.0/ -I/usr/include/cairo -I/usr/include/pango-1.0 -I/usr/include/harfbuzz -I/usr/include/pango-1.0 -I/usr/include/atk-1.0 -I/usr/include/cairo -I/usr/include/pixman-1 -I/usr/include/freetype2 -I/usr/include/libpng16 -I/usr/include/freetype2 -I/usr/include/libdrm -I/usr/include/libpng16 -I/usr/include/gdk-pixbuf-2.0 -I/usr/include/libpng16 -I/usr/include/gstreamer-1.0 -I/usr/include/glib-2.0 -I/usr/lib64/glib-2.0/include '
pkg_cv_PLAY_SOUND_LIBS='-lgtk-3 -lgdk-3 -lpangocairo-1.0 -lpango-1.0 -latk-1.0 -lcairo-gobject -lcairo -lgdk_pixbuf-2.0 -lgio-2.0 -lgstallocators-1.0 -lgstapp-1.0 -lgstcontroller-1.0 -lgstaudio-1.0 -lgstbase-1.0 -lgstreamer-1.0 -lgobject-2.0 -lglib-2.0 '

## ----------------- ##
## Output variables. ##
## ----------------- ##

ACLOCAL='${SHELL} /home/jsauter/Projects/Theatre/show_control/sound_effects_player/gstreamer_projects/play_sound/missing aclocal-1.14'
ALL_LINGUAS=''
AMDEPBACKSLASH='\'
AMDEP_FALSE='#'
AMDEP_TRUE=''
AMTAR='$${TAR-tar}'
AM_BACKSLASH='\'
AM_DEFAULT_V='$(AM_DEFAULT_VERBOSITY)'
AM_DEFAULT_VERBOSITY='0'
AM_V='$(V)'
AR='ar'
AUTOCONF='${SHELL} /home/jsauter/Projects/Theatre/show_control/sound_effects_player/gstreamer_projects/play_sound/missing autoconf'
AUTOHEADER='${SHELL} /home/jsauter/Projects/Theatre/show_control/sound_effects_player/gstreamer_projects/play_sound/missing autoheader'
AUTOMAKE='${SHELL} /home/jsauter/Projects/Theatre/show_control/sound_effects_player/gstreamer_projects/play_sound/missing automake-1.14'
AWK='gawk'
CATALOGS=''
CATOBJEXT='.gmo'
CC='gcc'
CCDEPMODE='depmode=gcc3'
CFLAGS='-g -O0'
CPP='gcc -E'
CPPFLAGS=''
CYGPATH_W='echo'
DATADIRNAME='share'
DEFS='-DHAVE_CONFIG_H'
DEPDIR='.deps'
DLLTOOL='false'
DSYMUTIL=''
DUMPBIN=''
ECHO_C=''
ECHO_N='-n'
ECHO_T=''
EGREP='/usr/bin/grep -E'
EXEEXT=''
FGREP='/usr/bin/grep -F'
GETTEXT_PACKAGE='play_sound'
GMOFILES=''
GMSGFMT='/usr/bin/msgfmt'
GREP='/usr/bin/grep'
INSTALL_DATA='${INSTALL} -m 644'
INSTALL_PROGRAM='${INSTALL}'
INSTALL_SCRIPT='${INSTALL}'
INSTALL_STRIP_PROGRAM='$(install_sh) -c -s'
INSTOBJEXT='.mo'
INTLLIBS=''
INTLTOOL_CAVES_RULE='%.caves:     %.caves.in     $(INTLTOOL_MERGE) $(wildcard $(top_srcdir)/po/*.po) ; $(INTLTOOL_V_MERGE)LC_ALL=C $(INTLTOOL_MERGE) $(INTLTOOL_V_MERGE_OPTIONS) -d -u -c $(top_builddir)/po/.intltool-merge-cache $(top_srcdir)/po $< $@'
INTLTOOL_DESKTOP_RULE='%.desktop:   %.desktop.in   $(INTLTOOL_MERGE) $(wildcard $(top_srcdir)/po/*.po) ; $(INTLTOOL_V_MERGE)LC_ALL=C $(INTLTOOL_MERGE) $(INTLTOOL_V_MERGE_OPTIONS) -d -u -c $(top_builddir)/po/.intltool-merge-cache $(top_srcdir)/po $< $@'
INTLTOOL_DIRECTORY_RULE='%.directory: %.directory.in $(INTLTOOL_MERGE) $(wildcard $(top_srcdir)/po/*.po) ; $(INTLTOOL_V_MERGE)LC_ALL=C $(INTLTOOL_MERGE) $(INTLTOOL_V_MERGE_OPTIONS) -d -u -c $(top_builddir)/po/.intltool-merge-cache $(top_srcdir)/po $< $@'
INTLTOOL_EXTRACT='/usr/bin/intltool-extract'
INTLTOOL_KBD_RULE='%.kbd:       %.kbd.in       $(INTLTOOL_MERGE) $(wildcard $(top_srcdir)/po/*.po) ; $(INTLTOOL_V_MERGE)LC_ALL=C $(INTLTOOL_MERGE) $(INTLTOOL_V_MERGE_OPTIONS) -x -u -m -c $(top_builddir)/po/.intltool-merge-cache $(top_srcdir)/po $< $@'
INTLTOOL_KEYS_RULE='%.keys:      %.keys.in      $(INTLTOOL_MERGE) $(wildcard $(top_srcdir)/po/*.po) ; $(INTLTOOL_V_MERGE)LC_ALL=C $(INTLTOOL_MERGE) $(INTLTOOL_V_MERGE_OPTIONS) -k -u -c $(top_builddir)/po/.intltool-merge-cache $(top_srcdir)/po $< $@'
INTLTOOL_MERGE='/usr/bin/intltool-merge'
INTLTOOL_OAF_RULE='%.oaf:       %.oaf.in       $(INTLTOOL_MERGE) $(wildcard $(top_srcdir)/po/*.po) ; $(INTLTOOL_V_MERGE)LC_ALL=C $(INTLTOOL_MERGE) $(INTLTOOL_V_MERGE_OPTIONS) -o -p $(top_srcdir)/po $< $@'
INTLTOOL_PERL='/usr/bin/perl'
INTLTOOL_POLICY_RULE='%.policy:    %.policy.in    $(INTLTOOL_MERGE) $(wildcard $(top_srcdir)/po/*.po) ; $(INTLTOOL_V_MERGE)LC_ALL=C $(INTLTOOL_MERGE) $(INTLTOOL_V_MERGE_OPTIONS) -x -u -c $(top_builddir)/po/.intltool-merge-cache $(top_srcdir)/po $< $@'
INTLTOOL_PONG_RULE='%.pong:      %.pong.in      $(INTLTOOL_MERGE) $(wildcard $(top_srcdir)/po/*.po) ; $(INTLTOOL_V_MERGE)LC_ALL=C $(INTLTOOL_MERGE) $(INTLTOOL_V_MERGE_OPTIONS) -x -u -c $(top_builddir)/po/.intltool-merge-cache $(top_srcdir)/po $< $@'
INTLTOOL_PROP_RULE='%.prop:      %.prop.in      $(INTLTOOL_MERGE) $(wildcard $(top_srcdir)/po/*.po) ; $(INTLTOOL_V_MERGE)LC_ALL=C $(INTLTOOL_MERGE) $(INTLTOOL_V_MERGE_OPTIONS) -d -u -c $(top_builddir)/po/.intltool-merge-cache $(top_srcdir)/po $< $@'
INTLTOOL_SCHEMAS_RULE='%.schemas:   %.schemas.in   $(INTLTOOL_MERGE) $(wildcard $(top_srcdir)/po/*.po) ; $(INTLTOOL_V_MERGE)LC_ALL=C $(INTLTOOL_MERGE) $(INTLTOOL_V_MERGE_OPTIONS) -s -u -c $(top_builddir)/po/.intltool-merge-cache $(top_srcdir)/po $< $@'
INTLTOOL_SERVER_RULE='%.server:    %.server.in    $(INTLTOOL_MERGE) $(wildcard $(top_srcdir)/po/*.po) ; $(INTLTOOL_V_MERGE)LC_ALL=C $(INTLTOOL_MERGE) $(INTLTOOL_V_MERGE_OPTIONS) -o -u -c $(top_builddir)/po/.intltool-merge-cache $(top_srcdir)/po $< $@'
INTLTOOL_SERVICE_RULE='%.service: %.service.in   $(INTLTOOL_MERGE) $(wildcard $(top_srcdir)/po/*.po) ; $(INTLTOOL_V_MERGE)LC_ALL=C $(INTLTOOL_MERGE) $(INTLTOOL_V_MERGE_OPTIONS) -d -u -c $(top_builddir)/po/.intltool-merge-cache $(top_srcdir)/po $< $@'
INTLTOOL_SHEET_RULE='%.sheet:     %.sheet.in     $(INTLTOOL_MERGE) $(wildcard $(top_srcdir)/po/*.po) ; $(INTLTOOL_V_MERGE)LC_ALL=C $(INTLTOOL_MERGE) $(INTLTOOL_V_MERGE_OPTIONS) -x -u -c $(top_builddir)/po/.intltool-merge-cache $(top_srcdir)/po $< $@'
INTLTOOL_SOUNDLIST_RULE='%.soundlist: %.soundlist.in $(INTLTOOL_MERGE) $(wildcard $(top_srcdir)/po/*.po) ; $(INTLTOOL_V_MERGE)LC_ALL=C $(INTLTOOL_MERGE) $(INTLTOOL_V_MERGE_OPTIONS) -d -u -c $(top_builddir)/po/.intltool-merge-cache $(top_srcdir)/po $< $@'
INTLTOOL_THEME_RULE='%.theme:     %.theme.in     $(INTLTOOL_MERGE) $(wildcard $(top_srcdir)/po/*.po) ; $(INTLTOOL_V_MERGE)LC_ALL=C $(INTLTOOL_MERGE) $(INTLTOOL_V_MERGE_OPTIONS) -d -u -c $(top_builddir)/po/.intltool-merge-cache $(top_srcdir)/po $< $@'
INTLTOOL_UI_RULE='%.ui:        %.ui.in        $(INTLTOOL_MERGE) $(wildcard $(top_srcdir)/po/*.po) ; $(INTLTOOL_V_MERGE)LC_ALL=C $(INTLTOOL_MERGE) $(INTLTOOL_V_MERGE_OPTIONS) -x -u -c $(top_builddir)/po/.intltool-merge-cache $(top_srcdir)/po $< $@'
INTLTOOL_UPDATE='/usr/bin/intltool-update'
INTLTOOL_V_MERGE='$(INTLTOOL__v_MERGE_$(V))'
INTLTOOL_V_MERGE_OPTIONS='$(intltool__v_merge_options_$(V))'
INTLTOOL_XAM_RULE='%.xam:       %.xml.in       $(INTLTOOL_MERGE) $(wildcard $(top_srcdir)/po/*.po) ; $(INTLTOOL_V_MERGE)LC_ALL=C $(INTLTOOL_MERGE) $(INTLTOOL_V_MERGE_OPTIONS) -x -u -c $(top_builddir)/po/.intltool-merge-cache $(top_srcdir)/po $< $@'
INTLTOOL_XML_NOMERGE_RULE='%.xml:       %.xml.in       $(INTLTOOL_MERGE) ; $(INTLTOOL_V_MERGE)LC_ALL=C $(INTLTOOL_MERGE) $(INTLTOOL_V_MERGE_OPTIONS) -x -u --no-translations $< $@'
INTLTOOL_XML_RULE='%.xml:       %.xml.in       $(INTLTOOL_MERGE) $(wildcard $(top_srcdir)/po/*.po) ; $(INTLTOOL_V_MERGE)LC_ALL=C $(INTLTOOL_MERGE) $(INTLTOOL_V_MERGE_OPTIONS) -x -u -c $(top_builddir)/po/.intltool-merge-cache $(top_srcdir)/po $< $@'
INTLTOOL__v_MERGE_0='@echo "  ITMRG " $@;'
INTLTOOL__v_MERGE_='$(INTLTOOL__v_MERGE_$(AM_DEFAULT_VERBOSITY))'
LD='/usr/bin/ld -m elf_x86_64'
LDFLAGS=''
LIBOBJS=''
LIBS='-lm '
LIBTOOL='$(SHELL) $(top_builddir)/libtool'
LIPO=''
LN_S='ln -s'
LTLIBOBJS=''
MAKEINFO='${SHELL} /home/jsauter/Projects/Theatre/show_control/sound_effects_player/gstreamer_projects/play_sound/missing makeinfo'
MANIFEST_TOOL=':'
MKDIR_P='/usr/bin/mkdir -p'
MKINSTALLDIRS='/home/jsauter/Projects/Theatre/show_control/sound_effects_player/gstreamer_projects/play_sound/mkinstalldirs'
MSGFMT='/usr/bin/msgfmt'
MSGFMT_OPTS='-c'
MSGMERGE='/usr/bin/msgmerge'
NM='/usr/bin/nm -B'
NMEDIT=''
OBJDUMP='objdump'
OBJEXT='o'
OTOOL64=''
OTOOL=''
PACKAGE='play_sound'
PACKAGE_BUGREPORT='John_Sauter@systemeyescomputerstore.com'
PACKAGE_NAME='play_sound'
PACKAGE_STRING='play_sound 0.10'
PACKAGE_TARNAME='play_sound'
PACKAGE_URL=''
PACKAGE_VERSION='0.10'
PATH_SEPARATOR=':'
PKG_CONFIG='/usr/bin/pkg-config'
PKG_CONFIG_LIBDIR=''
PKG_CONFIG_PATH=''
PLAY_SOUND_CFLAGS='-pthread -I/usr/include/gtk-3.0 -I/usr/include/at-spi2-atk/2.0 -I/usr/include/at-spi-2.0 -I/usr/include/dbus-1.0 -I/usr/lib64/dbus-1.0/include -I/usr/include/gtk-3.0 -I/usr/include/gio-unix-2.0/ -I/usr/include/cairo -I/usr/include/pango-1.0 -I/usr/include/harfbuzz -I/usr/include/pango-1.0 -I/usr/include/atk-1.0 -I/usr/include/cairo -I/usr/include/pixman-1 -I/usr/include/freetype2 -I/usr/include/libpng16 -I/usr/include/freetype2 -I/usr/include/libdrm -I/usr/include/libpng16 -I/usr/include/gdk-pixbuf-2.0 -I/usr/include/libpng16 -I/usr/include/gstreamer-1.0 -I/usr/include/glib-2.0 -I/usr/lib64/glib-2.0/include '
PLAY_SOUND_LIBS='-lgtk-3 -lgdk-3 -lpangocairo-1.0 -lpango-1.0 -latk-1.0 -lcairo-gobject -lcairo -lgdk_pixbuf-2.0 -lgio-2.0 -lgstallocators-1.0 -lgstapp-1.0 -lgstcontroller-1.0 -lgstaudio-1.0 -lgstbase-1.0 -lgstreamer-1.0 -lgobject-2.0 -lglib-2.0 '
POFILES=''
POSUB='po'
PO_IN_DATADIR_FALSE=''
PO_IN_DATADIR_TRUE=''
RANLIB='ranlib'
SED='/usr/bin/sed'
SET_MAKE=''
SHELL='/bin/sh'
STRIP='strip'
USE_NLS='yes'
VERSION='0.10'
XGETTEXT='/usr/bin/xgettext'
ac_ct_AR='ar'
ac_ct_CC='gcc'
ac_ct_DUMPBIN=''
am__EXEEXT_FALSE=''
am__EXEEXT_TRUE='#'
am__fastdepCC_FALSE='#'
am__fastdepCC_TRUE=''
am__include='include'
am__isrc=' -I$(srcdir)'
am__leading_dot='.'
am__nodep='_no'
am__quote=''
am__tar='$${TAR-tar} chof - "$$tardir"'
am__untar='$${TAR-tar} xf -'
bindir='${exec_prefix}/bin'
build='x86_64-unknown-linux-gnu'
build_alias=''
build_cpu='x86_64'
build_os='linux-gnu'
build_vendor='unknown'
datadir='${datarootdir}'
datarootdir='${prefix}/share'
docdir='${datarootdir}/doc/${PACKAGE_TARNAME}'
dvidir='${docdir}'
exec_prefix='${prefix}'
host='x86_64-unknown-linux-gnu'
host_alias=''
host_cpu='x86_64'
host_os='linux-gnu'
host_vendor='unknown'
htmldir='${docdir}'
includedir='${prefix}/include'
infodir='${datarootdir}/info'
install_sh='${SHELL} /home/jsauter/Projects/Theatre/show_control/sound_effects_player/gstreamer_projects/play_sound/install-sh'
intltool__v_merge_options_0='-q'
intltool__v_merge_options_='$(intltool__v_merge_options_$(AM_DEFAULT_VERBOSITY))'
libdir='${exec_prefix}/lib'
libexecdir='${exec_prefix}/libexec'
localedir='${datarootdir}/locale'
localstatedir='${prefix}/var'
mandir='${datarootdir}/man'
mkdir_p='$(MKDIR_P)'
oldincludedir='/usr/include'
pdfdir='${docdir}'
prefix='/usr/local'
program_transform_name='s,x,x,'
psdir='${docdir}'
sbindir='${exec_prefix}/sbin'
sharedstatedir='${prefix}/com'
sysconfdir='${prefix}/etc'
target_alias=''

## ----------- ##
## confdefs.h. ##
## ----------- ##

/* confdefs.h */
#define PACKAGE_NAME "play_sound"
#define PACKAGE_TARNAME "play_sound"
#define PACKAGE_VERSION "0.10"
#define PACKAGE_STRING "play_sound 0.10"
#define PACKAGE_BUGREPORT "John_Sauter@systemeyescomputerstore.com"
#define PACKAGE_URL ""
#define PACKAGE "play_sound"
#define VERSION "0.10"
#define HAVE_LIBM 1
#define GETTEXT_PACKAGE "play_sound"
#define STDC_HEADERS 1
#define HAVE_SYS_TYPES_H 1
#define HAVE_SYS_STAT_H 1
#define HAVE_STDLIB_H 1
#define HAVE_STRING_H 1
#define HAVE_MEMORY_H 1
#define HAVE_STRINGS_H 1
#define HAVE_INTTYPES_H 1
#define HAVE_STDINT_H 1
#define HAVE_UNISTD_H 1
#define HAVE_LOCALE_H 1
#define HAVE_LC_MESSAGES 1
#define HAVE_BIND_TEXTDOMAIN_CODESET 1
#define HAVE_GETTEXT 1
#define HAVE_DCGETTEXT 1
#define ENABLE_NLS 1
#define HAVE_DLFCN_H 1
#define LT_OBJDIR ".libs/"

configure: exit 0

## ---------------------- ##
## Running config.status. ##
## ---------------------- ##

This file was extended by play_sound config.status 0.10, which was
generated by GNU Autoconf 2.69.  Invocation command line was

  CONFIG_FILES    = 
  CONFIG_HEADERS  = 
  CONFIG_LINKS    = 
  CONFIG_COMMANDS = 
  $ ./config.status 

on sauterserver.sauterhome

config.status:1170: creating Makefile
config.status:1170: creating src/Makefile
config.status:1170: creating po/Makefile.in
config.status:1170: creating config.h
config.status:1384: executing depfiles commands
config.status:1384: executing default-1 commands
config.status:1384: executing libtool commands
config.status:1384: executing po/stamp-it commands

## ---------------------- ##
## Running config.status. ##
## ---------------------- ##

This file was extended by play_sound config.status 0.10, which was
generated by GNU Autoconf 2.69.  Invocation command line was

  CONFIG_FILES    = 
  CONFIG_HEADERS  = 
  CONFIG_LINKS    = 
  CONFIG_COMMANDS = 
  $ ./config.status Makefile

on sauterserver.sauterhome

config.status:1170: creating Makefile

## ---------------------- ##
## Running config.status. ##
## ---------------------- ##

This file was extended by play_sound config.status 0.10, which was
generated by GNU Autoconf 2.69.  Invocation command line was

  CONFIG_FILES    = 
  CONFIG_HEADERS  = 
  CONFIG_LINKS    = 
  CONFIG_COMMANDS = 
  $ ./config.status src/Makefile depfiles

on sauterserver.sauterhome

config.status:1170: creating src/Makefile
config.status:1384: executing depfiles commands
