This file contains any messages produced by compilers while
running configure, to aid debugging if configure makes a mistake.

It was created by play_sound configure 0.4, which was
generated by GNU Autoconf 2.69.  Invocation command line was

  $ /home/jsauter/Projects/Theatre/show_control/sound_effects_player/gstreamer_projects/play_sound/configure --enable-maintainer-mode CFLAGS=-g -O0 CXXFLAGS=-g -O0 JFLAGS=-g -O0 FFLAGS=-g -O0 --no-create --no-recursion

## --------- ##
## Platform. ##
## --------- ##

hostname = sauterserver.sauterhome
uname -m = x86_64
uname -r = 3.17.7-300.fc21.x86_64
uname -s = Linux
uname -v = #1 SMP Wed Dec 17 03:08:44 UTC 2014

/usr/bin/uname -p = x86_64
/bin/uname -X     = unknown

/bin/arch              = x86_64
/usr/bin/arch -k       = unknown
/usr/convex/getsysinfo = unknown
/usr/bin/hostinfo      = unknown
/bin/machine           = unknown
/usr/bin/oslevel       = unknown
/bin/universe          = unknown

PATH: /usr/local/bin
PATH: /usr/local/sbin
PATH: /usr/bin
PATH: /usr/sbin
PATH: /bin
PATH: /sbin
PATH: /home/jsauter/.local/bin
PATH: /home/jsauter/bin


## ----------- ##
## Core tests. ##
## ----------- ##

configure:2315: checking for a BSD-compatible install
configure:2383: result: /usr/bin/install -c
configure:2394: checking whether build environment is sane
configure:2449: result: yes
configure:2600: checking for a thread-safe mkdir -p
configure:2639: result: /usr/bin/mkdir -p
configure:2646: checking for gawk
configure:2662: found /usr/bin/gawk
configure:2673: result: gawk
configure:2684: checking whether make sets $(MAKE)
configure:2706: result: yes
configure:2735: checking whether make supports nested variables
configure:2752: result: yes
configure:2889: checking whether make supports nested variables
configure:2906: result: yes
configure:2966: checking for gcc
configure:2982: found /usr/bin/gcc
configure:2993: result: gcc
configure:3222: checking for C compiler version
configure:3231: gcc --version >&5
gcc (GCC) 4.9.2 20141101 (Red Hat 4.9.2-1)
Copyright (C) 2014 Free Software Foundation, Inc.
This is free software; see the source for copying conditions.  There is NO
warranty; not even for MERCHANTABILITY or FITNESS FOR A PARTICULAR PURPOSE.

configure:3242: $? = 0
configure:3231: gcc -v >&5
Using built-in specs.
COLLECT_GCC=gcc
COLLECT_LTO_WRAPPER=/usr/libexec/gcc/x86_64-redhat-linux/4.9.2/lto-wrapper
Target: x86_64-redhat-linux
Configured with: ../configure --prefix=/usr --mandir=/usr/share/man --infodir=/usr/share/info --with-bugurl=http://bugzilla.redhat.com/bugzilla --enable-bootstrap --enable-shared --enable-threads=posix --enable-checking=release --enable-multilib --with-system-zlib --enable-__cxa_atexit --disable-libunwind-exceptions --enable-gnu-unique-object --enable-linker-build-id --with-linker-hash-style=gnu --enable-languages=c,c++,objc,obj-c++,fortran,ada,go,lto --enable-plugin --enable-initfini-array --disable-libgcj --with-isl=/builddir/build/BUILD/gcc-4.9.2-20141101/obj-x86_64-redhat-linux/isl-install --with-cloog=/builddir/build/BUILD/gcc-4.9.2-20141101/obj-x86_64-redhat-linux/cloog-install --enable-gnu-indirect-function --with-tune=generic --with-arch_32=i686 --build=x86_64-redhat-linux
Thread model: posix
gcc version 4.9.2 20141101 (Red Hat 4.9.2-1) (GCC) 
configure:3242: $? = 0
configure:3231: gcc -V >&5
gcc: error: unrecognized command line option '-V'
gcc: fatal error: no input files
compilation terminated.
configure:3242: $? = 4
configure:3231: gcc -qversion >&5
gcc: error: unrecognized command line option '-qversion'
gcc: fatal error: no input files
compilation terminated.
configure:3242: $? = 4
configure:3262: checking whether the C compiler works
configure:3284: gcc -g -O0   conftest.c  >&5
configure:3288: $? = 0
configure:3336: result: yes
configure:3339: checking for C compiler default output file name
configure:3341: result: a.out
configure:3347: checking for suffix of executables
configure:3354: gcc -o conftest -g -O0   conftest.c  >&5
configure:3358: $? = 0
configure:3380: result: 
configure:3402: checking whether we are cross compiling
configure:3410: gcc -o conftest -g -O0   conftest.c  >&5
configure:3414: $? = 0
configure:3421: ./conftest
configure:3425: $? = 0
configure:3440: result: no
configure:3445: checking for suffix of object files
configure:3467: gcc -c -g -O0  conftest.c >&5
configure:3471: $? = 0
configure:3492: result: o
configure:3496: checking whether we are using the GNU C compiler
configure:3515: gcc -c -g -O0  conftest.c >&5
configure:3515: $? = 0
configure:3524: result: yes
configure:3533: checking whether gcc accepts -g
configure:3553: gcc -c -g  conftest.c >&5
configure:3553: $? = 0
configure:3594: result: yes
configure:3611: checking for gcc option to accept ISO C89
configure:3674: gcc  -c -g -O0  conftest.c >&5
configure:3674: $? = 0
configure:3687: result: none needed
configure:3712: checking whether gcc understands -c and -o together
configure:3734: gcc -c conftest.c -o conftest2.o
configure:3737: $? = 0
configure:3734: gcc -c conftest.c -o conftest2.o
configure:3737: $? = 0
configure:3749: result: yes
configure:3777: checking for style of include used by make
configure:3805: result: GNU
configure:3831: checking dependency style of gcc
configure:3942: result: gcc3
configure:3962: checking whether NLS is requested
configure:3971: result: yes
configure:3990: checking for intltool >= 0.35.0
configure:3992: result: 0.50.2 found
configure:4000: checking for intltool-update
configure:4018: found /usr/bin/intltool-update
configure:4030: result: /usr/bin/intltool-update
configure:4040: checking for intltool-merge
configure:4058: found /usr/bin/intltool-merge
configure:4070: result: /usr/bin/intltool-merge
configure:4080: checking for intltool-extract
configure:4098: found /usr/bin/intltool-extract
configure:4110: result: /usr/bin/intltool-extract
configure:4264: checking for xgettext
configure:4282: found /usr/bin/xgettext
configure:4294: result: /usr/bin/xgettext
configure:4304: checking for msgmerge
configure:4322: found /usr/bin/msgmerge
configure:4334: result: /usr/bin/msgmerge
configure:4344: checking for msgfmt
configure:4362: found /usr/bin/msgfmt
configure:4374: result: /usr/bin/msgfmt
configure:4384: checking for gmsgfmt
configure:4415: result: /usr/bin/msgfmt
configure:4435: checking for perl
configure:4453: found /usr/bin/perl
configure:4465: result: /usr/bin/perl
configure:4476: checking for perl >= 5.8.1
configure:4483: result: 5.18.4
configure:4487: checking for XML::Parser
configure:4490: result: ok
configure:4515: gcc -o conftest -g -O0   conftest.c  >&5
configure:4515: $? = 0
configure:4555: checking how to run the C preprocessor
configure:4586: gcc -E  conftest.c
configure:4586: $? = 0
configure:4600: gcc -E  conftest.c
conftest.c:12:28: fatal error: ac_nonexistent.h: No such file or directory
 #include <ac_nonexistent.h>
                            ^
compilation terminated.
configure:4600: $? = 1
configure: failed program was:
| /* confdefs.h */
| #define PACKAGE_NAME "play_sound"
| #define PACKAGE_TARNAME "play_sound"
| #define PACKAGE_VERSION "0.4"
| #define PACKAGE_STRING "play_sound 0.4"
| #define PACKAGE_BUGREPORT ""
| #define PACKAGE_URL ""
| #define PACKAGE "play_sound"
| #define VERSION "0.4"
| #define GETTEXT_PACKAGE "play_sound"
| /* end confdefs.h.  */
| #include <ac_nonexistent.h>
configure:4625: result: gcc -E
configure:4645: gcc -E  conftest.c
configure:4645: $? = 0
configure:4659: gcc -E  conftest.c
conftest.c:12:28: fatal error: ac_nonexistent.h: No such file or directory
 #include <ac_nonexistent.h>
                            ^
compilation terminated.
configure:4659: $? = 1
configure: failed program was:
| /* confdefs.h */
| #define PACKAGE_NAME "play_sound"
| #define PACKAGE_TARNAME "play_sound"
| #define PACKAGE_VERSION "0.4"
| #define PACKAGE_STRING "play_sound 0.4"
| #define PACKAGE_BUGREPORT ""
| #define PACKAGE_URL ""
| #define PACKAGE "play_sound"
| #define VERSION "0.4"
| #define GETTEXT_PACKAGE "play_sound"
| /* end confdefs.h.  */
| #include <ac_nonexistent.h>
configure:4688: checking for grep that handles long lines and -e
configure:4746: result: /usr/bin/grep
configure:4751: checking for egrep
configure:4813: result: /usr/bin/grep -E
configure:4818: checking for ANSI C header files
configure:4838: gcc -c -g -O0  conftest.c >&5
configure:4838: $? = 0
configure:4911: gcc -o conftest -g -O0   conftest.c  >&5
configure:4911: $? = 0
configure:4911: ./conftest
configure:4911: $? = 0
configure:4922: result: yes
configure:4935: checking for sys/types.h
configure:4935: gcc -c -g -O0  conftest.c >&5
configure:4935: $? = 0
configure:4935: result: yes
configure:4935: checking for sys/stat.h
configure:4935: gcc -c -g -O0  conftest.c >&5
configure:4935: $? = 0
configure:4935: result: yes
configure:4935: checking for stdlib.h
configure:4935: gcc -c -g -O0  conftest.c >&5
configure:4935: $? = 0
configure:4935: result: yes
configure:4935: checking for string.h
configure:4935: gcc -c -g -O0  conftest.c >&5
configure:4935: $? = 0
configure:4935: result: yes
configure:4935: checking for memory.h
configure:4935: gcc -c -g -O0  conftest.c >&5
configure:4935: $? = 0
configure:4935: result: yes
configure:4935: checking for strings.h
configure:4935: gcc -c -g -O0  conftest.c >&5
configure:4935: $? = 0
configure:4935: result: yes
configure:4935: checking for inttypes.h
configure:4935: gcc -c -g -O0  conftest.c >&5
configure:4935: $? = 0
configure:4935: result: yes
configure:4935: checking for stdint.h
configure:4935: gcc -c -g -O0  conftest.c >&5
configure:4935: $? = 0
configure:4935: result: yes
configure:4935: checking for unistd.h
configure:4935: gcc -c -g -O0  conftest.c >&5
configure:4935: $? = 0
configure:4935: result: yes
configure:4950: checking locale.h usability
configure:4950: gcc -c -g -O0  conftest.c >&5
configure:4950: $? = 0
configure:4950: result: yes
configure:4950: checking locale.h presence
configure:4950: gcc -E  conftest.c
configure:4950: $? = 0
configure:4950: result: yes
configure:4950: checking for locale.h
configure:4950: result: yes
configure:4961: checking for LC_MESSAGES
configure:4977: gcc -o conftest -g -O0   conftest.c  >&5
configure:4977: $? = 0
configure:4985: result: yes
configure:5002: checking libintl.h usability
configure:5002: gcc -c -g -O0  conftest.c >&5
configure:5002: $? = 0
configure:5002: result: yes
configure:5002: checking libintl.h presence
configure:5002: gcc -E  conftest.c
configure:5002: $? = 0
configure:5002: result: yes
configure:5002: checking for libintl.h
configure:5002: result: yes
configure:5010: checking for ngettext in libc
configure:5028: gcc -o conftest -g -O0   conftest.c  >&5
configure:5028: $? = 0
configure:5037: result: yes
configure:5041: checking for dgettext in libc
configure:5059: gcc -o conftest -g -O0   conftest.c  >&5
configure:5059: $? = 0
configure:5068: result: yes
configure:5075: checking for bind_textdomain_codeset
configure:5075: gcc -o conftest -g -O0   conftest.c  >&5
configure:5075: $? = 0
configure:5075: result: yes
configure:5351: checking for msgfmt
configure:5378: result: /usr/bin/msgfmt
configure:5389: checking for dcgettext
configure:5389: gcc -o conftest -g -O0   conftest.c   >&5
conftest.c:49:6: warning: conflicting types for built-in function 'dcgettext'
 char dcgettext ();
      ^
configure:5389: $? = 0
configure:5389: result: yes
configure:5399: checking if msgfmt accepts -c
configure:5414: $MSGFMT -c -o /dev/null conftest.foo
conftest.foo:3: warning: header field 'Language' missing in header
configure:5417: $? = 0
configure:5419: result: yes
configure:5429: checking for gmsgfmt
configure:5460: result: /usr/bin/msgfmt
configure:5470: checking for xgettext
configure:5497: result: /usr/bin/xgettext
configure:5516: gcc -o conftest -g -O0   conftest.c   >&5
configure:5516: $? = 0
configure:5689: checking build system type
configure:5703: result: x86_64-unknown-linux-gnu
configure:5723: checking host system type
configure:5736: result: x86_64-unknown-linux-gnu
configure:5777: checking how to print strings
configure:5804: result: printf
configure:5825: checking for a sed that does not truncate output
configure:5889: result: /usr/bin/sed
configure:5907: checking for fgrep
configure:5969: result: /usr/bin/grep -F
configure:6004: checking for ld used by gcc
configure:6071: result: /usr/bin/ld
configure:6078: checking if the linker (/usr/bin/ld) is GNU ld
configure:6093: result: yes
configure:6105: checking for BSD- or MS-compatible name lister (nm)
configure:6154: result: /usr/bin/nm -B
configure:6284: checking the name lister (/usr/bin/nm -B) interface
configure:6291: gcc -c -g -O0  conftest.c >&5
configure:6294: /usr/bin/nm -B "conftest.o"
configure:6297: output
0000000000000000 B some_variable
configure:6304: result: BSD nm
configure:6307: checking whether ln -s works
configure:6311: result: yes
configure:6319: checking the maximum length of command line arguments
configure:6449: result: 1572864
configure:6466: checking whether the shell understands some XSI constructs
configure:6476: result: yes
configure:6480: checking whether the shell understands "+="
configure:6486: result: yes
configure:6521: checking how to convert x86_64-unknown-linux-gnu file names to x86_64-unknown-linux-gnu format
configure:6561: result: func_convert_file_noop
configure:6568: checking how to convert x86_64-unknown-linux-gnu file names to toolchain format
configure:6588: result: func_convert_file_noop
configure:6595: checking for /usr/bin/ld option to reload object files
configure:6602: result: -r
configure:6676: checking for objdump
configure:6692: found /usr/bin/objdump
configure:6703: result: objdump
configure:6735: checking how to recognize dependent libraries
configure:6937: result: pass_all
configure:7022: checking for dlltool
configure:7052: result: no
configure:7082: checking how to associate runtime and link libraries
configure:7109: result: printf %s\n
configure:7169: checking for ar
configure:7185: found /usr/bin/ar
configure:7196: result: ar
configure:7233: checking for archiver @FILE support
configure:7250: gcc -c -g -O0  conftest.c >&5
configure:7250: $? = 0
configure:7253: ar cru libconftest.a @conftest.lst >&5
configure:7256: $? = 0
configure:7261: ar cru libconftest.a @conftest.lst >&5
ar: conftest.o: No such file or directory
configure:7264: $? = 1
configure:7276: result: @
configure:7334: checking for strip
configure:7350: found /usr/bin/strip
configure:7361: result: strip
configure:7433: checking for ranlib
configure:7449: found /usr/bin/ranlib
configure:7460: result: ranlib
configure:7562: checking command to parse /usr/bin/nm -B output from gcc object
configure:7682: gcc -c -g -O0  conftest.c >&5
configure:7685: $? = 0
configure:7689: /usr/bin/nm -B conftest.o \| sed -n -e 's/^.*[ ]\([ABCDGIRSTW][ABCDGIRSTW]*\)[ ][ ]*\([_A-Za-z][_A-Za-z0-9]*\)$/\1 \2 \2/p' | sed '/ __gnu_lto/d' \> conftest.nm
configure:7692: $? = 0
configure:7758: gcc -o conftest -g -O0   conftest.c conftstm.o >&5
configure:7761: $? = 0
configure:7799: result: ok
configure:7836: checking for sysroot
configure:7866: result: no
configure:7943: gcc -c -g -O0  conftest.c >&5
configure:7946: $? = 0
configure:8128: checking for mt
configure:8158: result: no
configure:8178: checking if : is a manifest tool
configure:8184: : '-?'
configure:8192: result: no
configure:8831: checking for dlfcn.h
configure:8831: gcc -c -g -O0  conftest.c >&5
configure:8831: $? = 0
configure:8831: result: yes
configure:9037: checking for objdir
configure:9052: result: .libs
configure:9319: checking if gcc supports -fno-rtti -fno-exceptions
configure:9337: gcc -c -g -O0  -fno-rtti -fno-exceptions conftest.c >&5
cc1: warning: command line option '-fno-rtti' is valid for C++/ObjC++ but not for C
configure:9341: $? = 0
configure:9354: result: no
configure:9681: checking for gcc option to produce PIC
configure:9688: result: -fPIC -DPIC
configure:9696: checking if gcc PIC flag -fPIC -DPIC works
configure:9714: gcc -c -g -O0  -fPIC -DPIC -DPIC conftest.c >&5
configure:9718: $? = 0
configure:9731: result: yes
configure:9760: checking if gcc static flag -static works
configure:9788: result: no
configure:9803: checking if gcc supports -c -o file.o
configure:9824: gcc -c -g -O0  -o out/conftest2.o conftest.c >&5
configure:9828: $? = 0
configure:9850: result: yes
configure:9858: checking if gcc supports -c -o file.o
configure:9905: result: yes
configure:9938: checking whether the gcc linker (/usr/bin/ld -m elf_x86_64) supports shared libraries
configure:11091: result: yes
configure:11128: checking whether -lc should be explicitly linked in
configure:11136: gcc -c -g -O0  conftest.c >&5
configure:11139: $? = 0
configure:11154: gcc -shared  -fPIC -DPIC conftest.o  -v -Wl,-soname -Wl,conftest -o conftest 2\>\&1 \| /usr/bin/grep  -lc  \>/dev/null 2\>\&1
configure:11157: $? = 0
configure:11171: result: no
configure:11331: checking dynamic linker characteristics
configure:11842: gcc -o conftest -g -O0   -Wl,-rpath -Wl,/foo conftest.c  >&5
configure:11842: $? = 0
configure:12068: result: GNU/Linux ld.so
configure:12175: checking how to hardcode library paths into programs
configure:12200: result: immediate
configure:12740: checking whether stripping libraries is possible
configure:12745: result: yes
configure:12780: checking if libtool supports shared libraries
configure:12782: result: yes
configure:12785: checking whether to build shared libraries
configure:12806: result: yes
configure:12809: checking whether to build static libraries
configure:12813: result: yes
configure:12906: checking for pkg-config
configure:12924: found /usr/bin/pkg-config
configure:12936: result: /usr/bin/pkg-config
configure:12961: checking pkg-config is at least version 0.9.0
configure:12964: result: yes
configure:12974: checking for PLAY_SOUND
configure:12981: $PKG_CONFIG --exists --print-errors "gtk+-3.0 >= 2.90.3 gstreamer-1.0 gtk+-3.0 gstreamer-allocators-1.0 gstreamer-plugins-base-1.0 gstreamer-base-1.0 gstreamer-app-1.0 gstreamer-controller-1.0 gstreamer-audio-1.0"
configure:12984: $? = 0
configure:12998: $PKG_CONFIG --exists --print-errors "gtk+-3.0 >= 2.90.3 gstreamer-1.0 gtk+-3.0 gstreamer-allocators-1.0 gstreamer-plugins-base-1.0 gstreamer-base-1.0 gstreamer-app-1.0 gstreamer-controller-1.0 gstreamer-audio-1.0"
configure:13001: $? = 0
configure:13059: result: yes
configure:13178: checking that generated files are newer than configure
configure:13184: result: done
configure:13211: creating ./config.status
configure:15459: WARNING: unrecognized options: --enable-maintainer-mode

## ---------------- ##
## Cache variables. ##
## ---------------- ##

ac_cv_build=x86_64-unknown-linux-gnu
ac_cv_c_compiler_gnu=yes
ac_cv_env_CC_set=
ac_cv_env_CC_value=
ac_cv_env_CFLAGS_set=set
ac_cv_env_CFLAGS_value='-g -O0'
ac_cv_env_CPPFLAGS_set=
ac_cv_env_CPPFLAGS_value=
ac_cv_env_CPP_set=
ac_cv_env_CPP_value=
ac_cv_env_LDFLAGS_set=
ac_cv_env_LDFLAGS_value=
ac_cv_env_LIBS_set=
ac_cv_env_LIBS_value=
ac_cv_env_PKG_CONFIG_LIBDIR_set=
ac_cv_env_PKG_CONFIG_LIBDIR_value=
ac_cv_env_PKG_CONFIG_PATH_set=
ac_cv_env_PKG_CONFIG_PATH_value=
ac_cv_env_PKG_CONFIG_set=
ac_cv_env_PKG_CONFIG_value=
ac_cv_env_PLAY_SOUND_CFLAGS_set=
ac_cv_env_PLAY_SOUND_CFLAGS_value=
ac_cv_env_PLAY_SOUND_LIBS_set=
ac_cv_env_PLAY_SOUND_LIBS_value=
ac_cv_env_build_alias_set=
ac_cv_env_build_alias_value=
ac_cv_env_host_alias_set=
ac_cv_env_host_alias_value=
ac_cv_env_target_alias_set=
ac_cv_env_target_alias_value=
ac_cv_func_bind_textdomain_codeset=yes
ac_cv_func_dcgettext=yes
ac_cv_header_dlfcn_h=yes
ac_cv_header_inttypes_h=yes
ac_cv_header_libintl_h=yes
ac_cv_header_locale_h=yes
ac_cv_header_memory_h=yes
ac_cv_header_stdc=yes
ac_cv_header_stdint_h=yes
ac_cv_header_stdlib_h=yes
ac_cv_header_string_h=yes
ac_cv_header_strings_h=yes
ac_cv_header_sys_stat_h=yes
ac_cv_header_sys_types_h=yes
ac_cv_header_unistd_h=yes
ac_cv_host=x86_64-unknown-linux-gnu
ac_cv_objext=o
ac_cv_path_EGREP='/usr/bin/grep -E'
ac_cv_path_FGREP='/usr/bin/grep -F'
ac_cv_path_GMSGFMT=/usr/bin/msgfmt
ac_cv_path_GREP=/usr/bin/grep
ac_cv_path_INTLTOOL_EXTRACT=/usr/bin/intltool-extract
ac_cv_path_INTLTOOL_MERGE=/usr/bin/intltool-merge
ac_cv_path_INTLTOOL_PERL=/usr/bin/perl
ac_cv_path_INTLTOOL_UPDATE=/usr/bin/intltool-update
ac_cv_path_MSGFMT=/usr/bin/msgfmt
ac_cv_path_MSGMERGE=/usr/bin/msgmerge
ac_cv_path_SED=/usr/bin/sed
ac_cv_path_XGETTEXT=/usr/bin/xgettext
ac_cv_path_ac_pt_PKG_CONFIG=/usr/bin/pkg-config
ac_cv_path_install='/usr/bin/install -c'
ac_cv_path_mkdir=/usr/bin/mkdir
ac_cv_prog_AWK=gawk
ac_cv_prog_CPP='gcc -E'
ac_cv_prog_ac_ct_AR=ar
ac_cv_prog_ac_ct_CC=gcc
ac_cv_prog_ac_ct_OBJDUMP=objdump
ac_cv_prog_ac_ct_RANLIB=ranlib
ac_cv_prog_ac_ct_STRIP=strip
ac_cv_prog_cc_c89=
ac_cv_prog_cc_g=yes
ac_cv_prog_make_make_set=yes
am_cv_CC_dependencies_compiler_type=gcc3
am_cv_make_support_nested_variables=yes
am_cv_prog_cc_c_o=yes
am_cv_val_LC_MESSAGES=yes
gt_cv_func_dgettext_libc=yes
gt_cv_func_dgettext_libintl=no
gt_cv_func_ngettext_libc=yes
gt_cv_have_gettext=yes
lt_cv_ar_at_file=@
lt_cv_archive_cmds_need_lc=no
lt_cv_deplibs_check_method=pass_all
lt_cv_file_magic_cmd='$MAGIC_CMD'
lt_cv_file_magic_test_file=
lt_cv_ld_reload_flag=-r
lt_cv_nm_interface='BSD nm'
lt_cv_objdir=.libs
lt_cv_path_LD=/usr/bin/ld
lt_cv_path_NM='/usr/bin/nm -B'
lt_cv_path_mainfest_tool=no
lt_cv_prog_compiler_c_o=yes
lt_cv_prog_compiler_pic='-fPIC -DPIC'
lt_cv_prog_compiler_pic_works=yes
lt_cv_prog_compiler_rtti_exceptions=no
lt_cv_prog_compiler_static_works=no
lt_cv_prog_gnu_ld=yes
lt_cv_sharedlib_from_linklib_cmd='printf %s\n'
lt_cv_shlibpath_overrides_runpath=no
lt_cv_sys_global_symbol_pipe='sed -n -e '\''s/^.*[	 ]\([ABCDGIRSTW][ABCDGIRSTW]*\)[	 ][	 ]*\([_A-Za-z][_A-Za-z0-9]*\)$/\1 \2 \2/p'\'' | sed '\''/ __gnu_lto/d'\'''
lt_cv_sys_global_symbol_to_c_name_address='sed -n -e '\''s/^: \([^ ]*\)[ ]*$/  {\"\1\", (void *) 0},/p'\'' -e '\''s/^[ABCDGIRSTW]* \([^ ]*\) \([^ ]*\)$/  {"\2", (void *) \&\2},/p'\'''
lt_cv_sys_global_symbol_to_c_name_address_lib_prefix='sed -n -e '\''s/^: \([^ ]*\)[ ]*$/  {\"\1\", (void *) 0},/p'\'' -e '\''s/^[ABCDGIRSTW]* \([^ ]*\) \(lib[^ ]*\)$/  {"\2", (void *) \&\2},/p'\'' -e '\''s/^[ABCDGIRSTW]* \([^ ]*\) \([^ ]*\)$/  {"lib\2", (void *) \&\2},/p'\'''
lt_cv_sys_global_symbol_to_cdecl='sed -n -e '\''s/^T .* \(.*\)$/extern int \1();/p'\'' -e '\''s/^[ABCDGIRSTW]* .* \(.*\)$/extern char \1;/p'\'''
lt_cv_sys_max_cmd_len=1572864
lt_cv_to_host_file_cmd=func_convert_file_noop
lt_cv_to_tool_file_cmd=func_convert_file_noop
pkg_cv_PLAY_SOUND_CFLAGS='-pthread -I/usr/include/gtk-3.0 -I/usr/include/at-spi2-atk/2.0 -I/usr/include/at-spi-2.0 -I/usr/include/dbus-1.0 -I/usr/lib64/dbus-1.0/include -I/usr/include/gtk-3.0 -I/usr/include/gio-unix-2.0/ -I/usr/include/cairo -I/usr/include/pango-1.0 -I/usr/include/harfbuzz -I/usr/include/pango-1.0 -I/usr/include/atk-1.0 -I/usr/include/cairo -I/usr/include/pixman-1 -I/usr/include/freetype2 -I/usr/include/libpng16 -I/usr/include/freetype2 -I/usr/include/libdrm -I/usr/include/libpng16 -I/usr/include/gdk-pixbuf-2.0 -I/usr/include/libpng16 -I/usr/include/gstreamer-1.0 -I/usr/include/glib-2.0 -I/usr/lib64/glib-2.0/include '
pkg_cv_PLAY_SOUND_LIBS='-lgtk-3 -lgdk-3 -lpangocairo-1.0 -lpango-1.0 -latk-1.0 -lcairo-gobject -lcairo -lgdk_pixbuf-2.0 -lgio-2.0 -lgstallocators-1.0 -lgstapp-1.0 -lgstcontroller-1.0 -lgstaudio-1.0 -lgstbase-1.0 -lgstreamer-1.0 -lgobject-2.0 -lglib-2.0 '

## ----------------- ##
## Output variables. ##
## ----------------- ##

ACLOCAL='${SHELL} /home/jsauter/Projects/Theatre/show_control/sound_effects_player/gstreamer_projects/play_sound/missing aclocal-1.14'
ALL_LINGUAS=''
AMDEPBACKSLASH='\'
AMDEP_FALSE='#'
AMDEP_TRUE=''
AMTAR='$${TAR-tar}'
AM_BACKSLASH='\'
AM_DEFAULT_V='$(AM_DEFAULT_VERBOSITY)'
AM_DEFAULT_VERBOSITY='0'
AM_V='$(V)'
AR='ar'
AUTOCONF='${SHELL} /home/jsauter/Projects/Theatre/show_control/sound_effects_player/gstreamer_projects/play_sound/missing autoconf'
AUTOHEADER='${SHELL} /home/jsauter/Projects/Theatre/show_control/sound_effects_player/gstreamer_projects/play_sound/missing autoheader'
AUTOMAKE='${SHELL} /home/jsauter/Projects/Theatre/show_control/sound_effects_player/gstreamer_projects/play_sound/missing automake-1.14'
AWK='gawk'
CATALOGS=''
CATOBJEXT='.gmo'
CC='gcc'
CCDEPMODE='depmode=gcc3'
CFLAGS='-g -O0'
CPP='gcc -E'
CPPFLAGS=''
CYGPATH_W='echo'
DATADIRNAME='share'
DEFS='-DHAVE_CONFIG_H'
DEPDIR='.deps'
DLLTOOL='false'
DSYMUTIL=''
DUMPBIN=''
ECHO_C=''
ECHO_N='-n'
ECHO_T=''
EGREP='/usr/bin/grep -E'
EXEEXT=''
FGREP='/usr/bin/grep -F'
GETTEXT_PACKAGE='play_sound'
GMOFILES=''
GMSGFMT='/usr/bin/msgfmt'
GREP='/usr/bin/grep'
INSTALL_DATA='${INSTALL} -m 644'
INSTALL_PROGRAM='${INSTALL}'
INSTALL_SCRIPT='${INSTALL}'
INSTALL_STRIP_PROGRAM='$(install_sh) -c -s'
INSTOBJEXT='.mo'
INTLLIBS=''
INTLTOOL_CAVES_RULE='%.caves:     %.caves.in     $(INTLTOOL_MERGE) $(wildcard $(top_srcdir)/po/*.po) ; $(INTLTOOL_V_MERGE)LC_ALL=C $(INTLTOOL_MERGE) $(INTLTOOL_V_MERGE_OPTIONS) -d -u -c $(top_builddir)/po/.intltool-merge-cache $(top_srcdir)/po $< $@'
INTLTOOL_DESKTOP_RULE='%.desktop:   %.desktop.in   $(INTLTOOL_MERGE) $(wildcard $(top_srcdir)/po/*.po) ; $(INTLTOOL_V_MERGE)LC_ALL=C $(INTLTOOL_MERGE) $(INTLTOOL_V_MERGE_OPTIONS) -d -u -c $(top_builddir)/po/.intltool-merge-cache $(top_srcdir)/po $< $@'
INTLTOOL_DIRECTORY_RULE='%.directory: %.directory.in $(INTLTOOL_MERGE) $(wildcard $(top_srcdir)/po/*.po) ; $(INTLTOOL_V_MERGE)LC_ALL=C $(INTLTOOL_MERGE) $(INTLTOOL_V_MERGE_OPTIONS) -d -u -c $(top_builddir)/po/.intltool-merge-cache $(top_srcdir)/po $< $@'
INTLTOOL_EXTRACT='/usr/bin/intltool-extract'
INTLTOOL_KBD_RULE='%.kbd:       %.kbd.in       $(INTLTOOL_MERGE) $(wildcard $(top_srcdir)/po/*.po) ; $(INTLTOOL_V_MERGE)LC_ALL=C $(INTLTOOL_MERGE) $(INTLTOOL_V_MERGE_OPTIONS) -x -u -m -c $(top_builddir)/po/.intltool-merge-cache $(top_srcdir)/po $< $@'
INTLTOOL_KEYS_RULE='%.keys:      %.keys.in      $(INTLTOOL_MERGE) $(wildcard $(top_srcdir)/po/*.po) ; $(INTLTOOL_V_MERGE)LC_ALL=C $(INTLTOOL_MERGE) $(INTLTOOL_V_MERGE_OPTIONS) -k -u -c $(top_builddir)/po/.intltool-merge-cache $(top_srcdir)/po $< $@'
INTLTOOL_MERGE='/usr/bin/intltool-merge'
INTLTOOL_OAF_RULE='%.oaf:       %.oaf.in       $(INTLTOOL_MERGE) $(wildcard $(top_srcdir)/po/*.po) ; $(INTLTOOL_V_MERGE)LC_ALL=C $(INTLTOOL_MERGE) $(INTLTOOL_V_MERGE_OPTIONS) -o -p $(top_srcdir)/po $< $@'
INTLTOOL_PERL='/usr/bin/perl'
INTLTOOL_POLICY_RULE='%.policy:    %.policy.in    $(INTLTOOL_MERGE) $(wildcard $(top_srcdir)/po/*.po) ; $(INTLTOOL_V_MERGE)LC_ALL=C $(INTLTOOL_MERGE) $(INTLTOOL_V_MERGE_OPTIONS) -x -u -c $(top_builddir)/po/.intltool-merge-cache $(top_srcdir)/po $< $@'
INTLTOOL_PONG_RULE='%.pong:      %.pong.in      $(INTLTOOL_MERGE) $(wildcard $(top_srcdir)/po/*.po) ; $(INTLTOOL_V_MERGE)LC_ALL=C $(INTLTOOL_MERGE) $(INTLTOOL_V_MERGE_OPTIONS) -x -u -c $(top_builddir)/po/.intltool-merge-cache $(top_srcdir)/po $< $@'
INTLTOOL_PROP_RULE='%.prop:      %.prop.in      $(INTLTOOL_MERGE) $(wildcard $(top_srcdir)/po/*.po) ; $(INTLTOOL_V_MERGE)LC_ALL=C $(INTLTOOL_MERGE) $(INTLTOOL_V_MERGE_OPTIONS) -d -u -c $(top_builddir)/po/.intltool-merge-cache $(top_srcdir)/po $< $@'
INTLTOOL_SCHEMAS_RULE='%.schemas:   %.schemas.in   $(INTLTOOL_MERGE) $(wildcard $(top_srcdir)/po/*.po) ; $(INTLTOOL_V_MERGE)LC_ALL=C $(INTLTOOL_MERGE) $(INTLTOOL_V_MERGE_OPTIONS) -s -u -c $(top_builddir)/po/.intltool-merge-cache $(top_srcdir)/po $< $@'
INTLTOOL_SERVER_RULE='%.server:    %.server.in    $(INTLTOOL_MERGE) $(wildcard $(top_srcdir)/po/*.po) ; $(INTLTOOL_V_MERGE)LC_ALL=C $(INTLTOOL_MERGE) $(INTLTOOL_V_MERGE_OPTIONS) -o -u -c $(top_builddir)/po/.intltool-merge-cache $(top_srcdir)/po $< $@'
INTLTOOL_SERVICE_RULE='%.service: %.service.in   $(INTLTOOL_MERGE) $(wildcard $(top_srcdir)/po/*.po) ; $(INTLTOOL_V_MERGE)LC_ALL=C $(INTLTOOL_MERGE) $(INTLTOOL_V_MERGE_OPTIONS) -d -u -c $(top_builddir)/po/.intltool-merge-cache $(top_srcdir)/po $< $@'
INTLTOOL_SHEET_RULE='%.sheet:     %.sheet.in     $(INTLTOOL_MERGE) $(wildcard $(top_srcdir)/po/*.po) ; $(INTLTOOL_V_MERGE)LC_ALL=C $(INTLTOOL_MERGE) $(INTLTOOL_V_MERGE_OPTIONS) -x -u -c $(top_builddir)/po/.intltool-merge-cache $(top_srcdir)/po $< $@'
INTLTOOL_SOUNDLIST_RULE='%.soundlist: %.soundlist.in $(INTLTOOL_MERGE) $(wildcard $(top_srcdir)/po/*.po) ; $(INTLTOOL_V_MERGE)LC_ALL=C $(INTLTOOL_MERGE) $(INTLTOOL_V_MERGE_OPTIONS) -d -u -c $(top_builddir)/po/.intltool-merge-cache $(top_srcdir)/po $< $@'
INTLTOOL_THEME_RULE='%.theme:     %.theme.in     $(INTLTOOL_MERGE) $(wildcard $(top_srcdir)/po/*.po) ; $(INTLTOOL_V_MERGE)LC_ALL=C $(INTLTOOL_MERGE) $(INTLTOOL_V_MERGE_OPTIONS) -d -u -c $(top_builddir)/po/.intltool-merge-cache $(top_srcdir)/po $< $@'
INTLTOOL_UI_RULE='%.ui:        %.ui.in        $(INTLTOOL_MERGE) $(wildcard $(top_srcdir)/po/*.po) ; $(INTLTOOL_V_MERGE)LC_ALL=C $(INTLTOOL_MERGE) $(INTLTOOL_V_MERGE_OPTIONS) -x -u -c $(top_builddir)/po/.intltool-merge-cache $(top_srcdir)/po $< $@'
INTLTOOL_UPDATE='/usr/bin/intltool-update'
INTLTOOL_V_MERGE='$(INTLTOOL__v_MERGE_$(V))'
INTLTOOL_V_MERGE_OPTIONS='$(intltool__v_merge_options_$(V))'
INTLTOOL_XAM_RULE='%.xam:       %.xml.in       $(INTLTOOL_MERGE) $(wildcard $(top_srcdir)/po/*.po) ; $(INTLTOOL_V_MERGE)LC_ALL=C $(INTLTOOL_MERGE) $(INTLTOOL_V_MERGE_OPTIONS) -x -u -c $(top_builddir)/po/.intltool-merge-cache $(top_srcdir)/po $< $@'
INTLTOOL_XML_NOMERGE_RULE='%.xml:       %.xml.in       $(INTLTOOL_MERGE) ; $(INTLTOOL_V_MERGE)LC_ALL=C $(INTLTOOL_MERGE) $(INTLTOOL_V_MERGE_OPTIONS) -x -u --no-translations $< $@'
INTLTOOL_XML_RULE='%.xml:       %.xml.in       $(INTLTOOL_MERGE) $(wildcard $(top_srcdir)/po/*.po) ; $(INTLTOOL_V_MERGE)LC_ALL=C $(INTLTOOL_MERGE) $(INTLTOOL_V_MERGE_OPTIONS) -x -u -c $(top_builddir)/po/.intltool-merge-cache $(top_srcdir)/po $< $@'
INTLTOOL__v_MERGE_0='@echo "  ITMRG " $@;'
INTLTOOL__v_MERGE_='$(INTLTOOL__v_MERGE_$(AM_DEFAULT_VERBOSITY))'
LD='/usr/bin/ld -m elf_x86_64'
LDFLAGS=''
LIBOBJS=''
LIBS=''
LIBTOOL='$(SHELL) $(top_builddir)/libtool'
LIPO=''
LN_S='ln -s'
LTLIBOBJS=''
MAKEINFO='${SHELL} /home/jsauter/Projects/Theatre/show_control/sound_effects_player/gstreamer_projects/play_sound/missing makeinfo'
MANIFEST_TOOL=':'
MKDIR_P='/usr/bin/mkdir -p'
MKINSTALLDIRS='/home/jsauter/Projects/Theatre/show_control/sound_effects_player/gstreamer_projects/play_sound/mkinstalldirs'
MSGFMT='/usr/bin/msgfmt'
MSGFMT_OPTS='-c'
MSGMERGE='/usr/bin/msgmerge'
NM='/usr/bin/nm -B'
NMEDIT=''
OBJDUMP='objdump'
OBJEXT='o'
OTOOL64=''
OTOOL=''
PACKAGE='play_sound'
PACKAGE_BUGREPORT=''
PACKAGE_NAME='play_sound'
PACKAGE_STRING='play_sound 0.4'
PACKAGE_TARNAME='play_sound'
PACKAGE_URL=''
PACKAGE_VERSION='0.4'
PATH_SEPARATOR=':'
PKG_CONFIG='/usr/bin/pkg-config'
PKG_CONFIG_LIBDIR=''
PKG_CONFIG_PATH=''
PLAY_SOUND_CFLAGS='-pthread -I/usr/include/gtk-3.0 -I/usr/include/at-spi2-atk/2.0 -I/usr/include/at-spi-2.0 -I/usr/include/dbus-1.0 -I/usr/lib64/dbus-1.0/include -I/usr/include/gtk-3.0 -I/usr/include/gio-unix-2.0/ -I/usr/include/cairo -I/usr/include/pango-1.0 -I/usr/include/harfbuzz -I/usr/include/pango-1.0 -I/usr/include/atk-1.0 -I/usr/include/cairo -I/usr/include/pixman-1 -I/usr/include/freetype2 -I/usr/include/libpng16 -I/usr/include/freetype2 -I/usr/include/libdrm -I/usr/include/libpng16 -I/usr/include/gdk-pixbuf-2.0 -I/usr/include/libpng16 -I/usr/include/gstreamer-1.0 -I/usr/include/glib-2.0 -I/usr/lib64/glib-2.0/include '
PLAY_SOUND_LIBS='-lgtk-3 -lgdk-3 -lpangocairo-1.0 -lpango-1.0 -latk-1.0 -lcairo-gobject -lcairo -lgdk_pixbuf-2.0 -lgio-2.0 -lgstallocators-1.0 -lgstapp-1.0 -lgstcontroller-1.0 -lgstaudio-1.0 -lgstbase-1.0 -lgstreamer-1.0 -lgobject-2.0 -lglib-2.0 '
POFILES=''
POSUB='po'
PO_IN_DATADIR_FALSE=''
PO_IN_DATADIR_TRUE=''
RANLIB='ranlib'
SED='/usr/bin/sed'
SET_MAKE=''
SHELL='/bin/sh'
STRIP='strip'
USE_NLS='yes'
VERSION='0.4'
XGETTEXT='/usr/bin/xgettext'
ac_ct_AR='ar'
ac_ct_CC='gcc'
ac_ct_DUMPBIN=''
am__EXEEXT_FALSE=''
am__EXEEXT_TRUE='#'
am__fastdepCC_FALSE='#'
am__fastdepCC_TRUE=''
am__include='include'
am__isrc=' -I$(srcdir)'
am__leading_dot='.'
am__nodep='_no'
am__quote=''
am__tar='$${TAR-tar} chof - "$$tardir"'
am__untar='$${TAR-tar} xf -'
bindir='${exec_prefix}/bin'
build='x86_64-unknown-linux-gnu'
build_alias=''
build_cpu='x86_64'
build_os='linux-gnu'
build_vendor='unknown'
datadir='${datarootdir}'
datarootdir='${prefix}/share'
docdir='${datarootdir}/doc/${PACKAGE_TARNAME}'
dvidir='${docdir}'
exec_prefix='${prefix}'
host='x86_64-unknown-linux-gnu'
host_alias=''
host_cpu='x86_64'
host_os='linux-gnu'
host_vendor='unknown'
htmldir='${docdir}'
includedir='${prefix}/include'
infodir='${datarootdir}/info'
install_sh='${SHELL} /home/jsauter/Projects/Theatre/show_control/sound_effects_player/gstreamer_projects/play_sound/install-sh'
intltool__v_merge_options_0='-q'
intltool__v_merge_options_='$(intltool__v_merge_options_$(AM_DEFAULT_VERBOSITY))'
libdir='${exec_prefix}/lib'
libexecdir='${exec_prefix}/libexec'
localedir='${datarootdir}/locale'
localstatedir='${prefix}/var'
mandir='${datarootdir}/man'
mkdir_p='$(MKDIR_P)'
oldincludedir='/usr/include'
pdfdir='${docdir}'
prefix='/usr/local'
program_transform_name='s,x,x,'
psdir='${docdir}'
sbindir='${exec_prefix}/sbin'
sharedstatedir='${prefix}/com'
sysconfdir='${prefix}/etc'
target_alias=''

## ----------- ##
## confdefs.h. ##
## ----------- ##

/* confdefs.h */
#define PACKAGE_NAME "play_sound"
#define PACKAGE_TARNAME "play_sound"
#define PACKAGE_VERSION "0.4"
#define PACKAGE_STRING "play_sound 0.4"
#define PACKAGE_BUGREPORT ""
#define PACKAGE_URL ""
#define PACKAGE "play_sound"
#define VERSION "0.4"
#define GETTEXT_PACKAGE "play_sound"
#define STDC_HEADERS 1
#define HAVE_SYS_TYPES_H 1
#define HAVE_SYS_STAT_H 1
#define HAVE_STDLIB_H 1
#define HAVE_STRING_H 1
#define HAVE_MEMORY_H 1
#define HAVE_STRINGS_H 1
#define HAVE_INTTYPES_H 1
#define HAVE_STDINT_H 1
#define HAVE_UNISTD_H 1
#define HAVE_LOCALE_H 1
#define HAVE_LC_MESSAGES 1
#define HAVE_BIND_TEXTDOMAIN_CODESET 1
#define HAVE_GETTEXT 1
#define HAVE_DCGETTEXT 1
#define ENABLE_NLS 1
#define HAVE_DLFCN_H 1
#define LT_OBJDIR ".libs/"

configure: exit 0

## ---------------------- ##
## Running config.status. ##
## ---------------------- ##

This file was extended by play_sound config.status 0.4, which was
generated by GNU Autoconf 2.69.  Invocation command line was

  CONFIG_FILES    = 
  CONFIG_HEADERS  = 
  CONFIG_LINKS    = 
  CONFIG_COMMANDS = 
  $ ./config.status 

on sauterserver.sauterhome

config.status:1169: creating Makefile
config.status:1169: creating src/Makefile
config.status:1169: creating po/Makefile.in
config.status:1169: creating config.h
config.status:1383: executing depfiles commands
config.status:1383: executing default-1 commands
config.status:1383: executing libtool commands
config.status:1383: executing po/stamp-it commands
